<?xml version="1.0" encoding="UTF-8"?>
<coverage generated="1702657235142" clover="3.2.0">
  <project timestamp="1702657235143" name="All files">
    <metrics statements="427" coveredstatements="408" conditionals="156" coveredconditionals="138" methods="103" coveredmethods="95" elements="686" coveredelements="641" complexity="0" loc="427" ncloc="427" packages="6" files="34" classes="34"/>
    <package name="src">
      <metrics statements="84" coveredstatements="65" conditionals="22" coveredconditionals="15" methods="31" coveredmethods="23"/>
      <file name="cog.ts" path="C:\Users\mzark\code\cog\src\cog.ts">
        <metrics statements="61" coveredstatements="44" conditionals="14" coveredconditionals="7" methods="18" coveredmethods="12"/>
        <line num="9" count="2" type="stmt"/>
        <line num="10" count="16" type="stmt"/>
        <line num="11" count="16" type="stmt"/>
        <line num="12" count="16" type="stmt"/>
        <line num="13" count="16" type="stmt"/>
        <line num="16" count="8" type="stmt"/>
        <line num="17" count="8" type="stmt"/>
        <line num="18" count="8" type="stmt"/>
        <line num="20" count="8" type="stmt"/>
        <line num="21" count="8" type="stmt"/>
        <line num="23" count="8" type="stmt"/>
        <line num="24" count="8" type="stmt"/>
        <line num="27" count="8" type="stmt"/>
        <line num="33" count="8" type="stmt"/>
        <line num="34" count="8" type="stmt"/>
        <line num="37" count="16" type="stmt"/>
        <line num="38" count="16" type="stmt"/>
        <line num="41" count="10" type="stmt"/>
        <line num="42" count="0" type="stmt"/>
        <line num="44" count="10" type="stmt"/>
        <line num="45" count="10" type="cond" truecount="2" falsecount="0"/>
        <line num="46" count="2" type="stmt"/>
        <line num="48" count="10" type="stmt"/>
        <line num="49" count="8" type="cond" truecount="1" falsecount="1"/>
        <line num="50" count="8" type="stmt"/>
        <line num="51" count="8" type="stmt"/>
        <line num="56" count="16" type="stmt"/>
        <line num="57" count="13" type="stmt"/>
        <line num="58" count="13" type="stmt"/>
        <line num="59" count="13" type="stmt"/>
        <line num="62" count="16" type="stmt"/>
        <line num="63" count="0" type="stmt"/>
        <line num="64" count="0" type="stmt"/>
        <line num="65" count="0" type="stmt"/>
        <line num="66" count="0" type="stmt"/>
        <line num="67" count="0" type="stmt"/>
        <line num="71" count="16" type="stmt"/>
        <line num="72" count="0" type="stmt"/>
        <line num="74" count="0" type="stmt"/>
        <line num="77" count="0" type="cond" truecount="0" falsecount="2"/>
        <line num="78" count="0" type="stmt"/>
        <line num="79" count="0" type="stmt"/>
        <line num="80" count="0" type="stmt"/>
        <line num="83" count="0" type="stmt"/>
        <line num="86" count="0" type="stmt"/>
        <line num="89" count="16" type="stmt"/>
        <line num="90" count="12" type="cond" truecount="1" falsecount="1"/>
        <line num="91" count="0" type="stmt"/>
        <line num="92" count="12" type="cond" truecount="1" falsecount="1"/>
        <line num="93" count="0" type="stmt"/>
        <line num="95" count="12" type="stmt"/>
        <line num="98" count="12" type="stmt"/>
        <line num="100" count="1" type="cond" truecount="1" falsecount="1"/>
        <line num="106" count="0" type="stmt"/>
        <line num="109" count="1" type="stmt"/>
        <line num="112" count="9" type="stmt"/>
        <line num="113" count="9" type="stmt"/>
        <line num="116" count="1" type="stmt"/>
        <line num="117" count="1" type="stmt"/>
        <line num="122" count="16" type="stmt"/>
        <line num="128" count="2" type="stmt"/>
      </file>
      <file name="createReactiveNodes.ts" path="C:\Users\mzark\code\cog\src\createReactiveNodes.ts">
        <metrics statements="11" coveredstatements="9" conditionals="0" coveredconditionals="0" methods="8" coveredmethods="6"/>
        <line num="5" count="23" type="stmt"/>
        <line num="10" count="0" type="stmt"/>
        <line num="13" count="10" type="stmt"/>
        <line num="16" count="29" type="stmt"/>
        <line num="17" count="29" type="stmt"/>
        <line num="20" count="0" type="stmt"/>
        <line num="23" count="8" type="stmt"/>
        <line num="24" count="8" type="stmt"/>
        <line num="25" count="16" type="stmt"/>
        <line num="26" count="16" type="stmt"/>
        <line num="30" count="28" type="stmt"/>
      </file>
      <file name="createState.ts" path="C:\Users\mzark\code\cog\src\createState.ts">
        <metrics statements="12" coveredstatements="12" conditionals="8" coveredconditionals="8" methods="5" coveredmethods="5"/>
        <line num="4" count="17" type="stmt"/>
        <line num="8" count="66" type="cond" truecount="2" falsecount="0"/>
        <line num="9" count="2" type="stmt"/>
        <line num="12" count="66" type="stmt"/>
        <line num="15" count="22" type="cond" truecount="2" falsecount="0"/>
        <line num="16" count="12" type="stmt"/>
        <line num="19" count="22" type="cond" truecount="2" falsecount="0"/>
        <line num="20" count="12" type="stmt"/>
        <line num="27" count="10" type="stmt"/>
        <line num="31" count="10" type="cond" truecount="2" falsecount="0"/>
        <line num="32" count="8" type="stmt"/>
        <line num="36" count="8" type="stmt"/>
      </file>
      <file name="types.ts" path="C:\Users\mzark\code\cog\src\types.ts">
        <metrics statements="0" coveredstatements="0" conditionals="0" coveredconditionals="0" methods="0" coveredmethods="0"/>
      </file>
    </package>
    <package name="src.attributes">
      <metrics statements="43" coveredstatements="43" conditionals="28" coveredconditionals="26" methods="11" coveredmethods="11"/>
      <file name="attributesToState.ts" path="C:\Users\mzark\code\cog\src\attributes\attributesToState.ts">
        <metrics statements="15" coveredstatements="15" conditionals="4" coveredconditionals="4" methods="2" coveredmethods="2"/>
        <line num="6" count="6" type="stmt"/>
        <line num="13" count="52" type="stmt"/>
        <line num="15" count="52" type="cond" truecount="2" falsecount="0"/>
        <line num="16" count="33" type="stmt"/>
        <line num="18" count="33" type="stmt"/>
        <line num="19" count="31" type="stmt"/>
        <line num="21" count="31" type="stmt"/>
        <line num="22" count="31" type="stmt"/>
        <line num="23" count="31" type="cond" truecount="2" falsecount="0"/>
        <line num="24" count="5" type="stmt"/>
        <line num="27" count="5" type="stmt"/>
        <line num="32" count="5" type="stmt"/>
        <line num="40" count="31" type="stmt"/>
        <line num="48" count="33" type="stmt"/>
        <line num="51" count="52" type="stmt"/>
      </file>
      <file name="convertAttributeName.ts" path="C:\Users\mzark\code\cog\src\attributes\convertAttributeName.ts">
        <metrics statements="3" coveredstatements="3" conditionals="2" coveredconditionals="2" methods="2" coveredmethods="2"/>
        <line num="1" count="6" type="stmt"/>
        <line num="2" count="34" type="stmt"/>
        <line num="6" count="51" type="cond" truecount="2" falsecount="0"/>
      </file>
      <file name="convertAttributeValue.ts" path="C:\Users\mzark\code\cog\src\attributes\convertAttributeValue.ts">
        <metrics statements="1" coveredstatements="1" conditionals="12" coveredconditionals="12" methods="1" coveredmethods="1"/>
        <line num="2" count="45" type="cond" truecount="2" falsecount="0"/>
      </file>
      <file name="getAttributes.ts" path="C:\Users\mzark\code\cog\src\attributes\getAttributes.ts">
        <metrics statements="5" coveredstatements="5" conditionals="0" coveredconditionals="0" methods="2" coveredmethods="2"/>
        <line num="4" count="4" type="stmt"/>
        <line num="8" count="19" type="stmt"/>
        <line num="9" count="10" type="stmt"/>
        <line num="11" count="10" type="stmt"/>
        <line num="19" count="19" type="stmt"/>
      </file>
      <file name="getChangedAttributes.ts" path="C:\Users\mzark\code\cog\src\attributes\getChangedAttributes.ts">
        <metrics statements="7" coveredstatements="7" conditionals="4" coveredconditionals="3" methods="1" coveredmethods="1"/>
        <line num="8" count="32" type="stmt"/>
        <line num="10" count="32" type="stmt"/>
        <line num="11" count="19" type="stmt"/>
        <line num="12" count="19" type="stmt"/>
        <line num="13" count="19" type="cond" truecount="2" falsecount="0"/>
        <line num="14" count="8" type="stmt"/>
        <line num="21" count="32" type="stmt"/>
      </file>
      <file name="getLocalState.ts" path="C:\Users\mzark\code\cog\src\attributes\getLocalState.ts">
        <metrics statements="5" coveredstatements="5" conditionals="2" coveredconditionals="2" methods="2" coveredmethods="2"/>
        <line num="11" count="74" type="stmt"/>
        <line num="13" count="51" type="cond" truecount="2" falsecount="0"/>
        <line num="14" count="46" type="stmt"/>
        <line num="17" count="5" type="stmt"/>
        <line num="25" count="5" type="stmt"/>
      </file>
      <file name="handleBooleanAttribute.ts" path="C:\Users\mzark\code\cog\src\attributes\handleBooleanAttribute.ts">
        <metrics statements="7" coveredstatements="7" conditionals="4" coveredconditionals="3" methods="1" coveredmethods="1"/>
        <line num="7" count="6" type="cond" truecount="1" falsecount="1"/>
        <line num="8" count="6" type="stmt"/>
        <line num="10" count="6" type="cond" truecount="2" falsecount="0"/>
        <line num="12" count="3" type="stmt"/>
        <line num="13" count="3" type="stmt"/>
        <line num="19" count="3" type="stmt"/>
        <line num="20" count="3" type="stmt"/>
      </file>
    </package>
    <package name="src.eventListeners">
      <metrics statements="22" coveredstatements="22" conditionals="4" coveredconditionals="4" methods="8" coveredmethods="8"/>
      <file name="addAllEventListeners.ts" path="C:\Users\mzark\code\cog\src\eventListeners\addAllEventListeners.ts">
        <metrics statements="2" coveredstatements="2" conditionals="0" coveredconditionals="0" methods="1" coveredmethods="1"/>
        <line num="5" count="18" type="stmt"/>
        <line num="6" count="18" type="stmt"/>
      </file>
      <file name="addEventListeners.ts" path="C:\Users\mzark\code\cog\src\eventListeners\addEventListeners.ts">
        <metrics statements="4" coveredstatements="4" conditionals="0" coveredconditionals="0" methods="2" coveredmethods="2"/>
        <line num="9" count="40" type="stmt"/>
        <line num="10" count="4" type="stmt"/>
        <line num="11" count="3" type="stmt"/>
        <line num="12" count="3" type="stmt"/>
      </file>
      <file name="makeEventHandler.ts" path="C:\Users\mzark\code\cog\src\eventListeners\makeEventHandler.ts">
        <metrics statements="10" coveredstatements="10" conditionals="2" coveredconditionals="2" methods="2" coveredmethods="2"/>
        <line num="4" count="4" type="stmt"/>
        <line num="9" count="4" type="stmt"/>
        <line num="10" count="4" type="cond" truecount="2" falsecount="0"/>
        <line num="11" count="1" type="stmt"/>
        <line num="14" count="3" type="stmt"/>
        <line num="16" count="3" type="stmt"/>
        <line num="17" count="4" type="stmt"/>
        <line num="18" count="4" type="stmt"/>
        <line num="19" count="3" type="stmt"/>
        <line num="21" count="1" type="stmt"/>
      </file>
      <file name="removeAllEventListeners.ts" path="C:\Users\mzark\code\cog\src\eventListeners\removeAllEventListeners.ts">
        <metrics statements="2" coveredstatements="2" conditionals="0" coveredconditionals="0" methods="1" coveredmethods="1"/>
        <line num="4" count="5" type="stmt"/>
        <line num="5" count="5" type="stmt"/>
      </file>
      <file name="removeEventListeners.ts" path="C:\Users\mzark\code\cog\src\eventListeners\removeEventListeners.ts">
        <metrics statements="4" coveredstatements="4" conditionals="2" coveredconditionals="2" methods="2" coveredmethods="2"/>
        <line num="4" count="12" type="stmt"/>
        <line num="5" count="2" type="stmt"/>
        <line num="6" count="2" type="cond" truecount="2" falsecount="0"/>
        <line num="7" count="1" type="stmt"/>
      </file>
    </package>
    <package name="src.expressions">
      <metrics statements="13" coveredstatements="13" conditionals="4" coveredconditionals="4" methods="4" coveredmethods="4"/>
      <file name="createExpressionScope.ts" path="C:\Users\mzark\code\cog\src\expressions\createExpressionScope.ts">
        <metrics statements="8" coveredstatements="8" conditionals="2" coveredconditionals="2" methods="2" coveredmethods="2"/>
        <line num="3" count="12" type="stmt"/>
        <line num="5" count="12" type="stmt"/>
        <line num="6" count="43" type="stmt"/>
        <line num="7" count="43" type="cond" truecount="2" falsecount="0"/>
        <line num="8" count="26" type="stmt"/>
        <line num="10" count="44" type="stmt"/>
        <line num="14" count="26" type="stmt"/>
        <line num="17" count="43" type="stmt"/>
      </file>
      <file name="evaluateExpression.ts" path="C:\Users\mzark\code\cog\src\expressions\evaluateExpression.ts">
        <metrics statements="4" coveredstatements="4" conditionals="2" coveredconditionals="2" methods="1" coveredmethods="1"/>
        <line num="7" count="40" type="stmt"/>
        <line num="9" count="40" type="cond" truecount="2" falsecount="0"/>
        <line num="10" count="10" type="stmt"/>
        <line num="13" count="40" type="stmt"/>
      </file>
      <file name="sanitizeExpression.ts" path="C:\Users\mzark\code\cog\src\expressions\sanitizeExpression.ts">
        <metrics statements="1" coveredstatements="1" conditionals="0" coveredconditionals="0" methods="1" coveredmethods="1"/>
        <line num="2" count="28" type="stmt"/>
      </file>
    </package>
    <package name="src.html">
      <metrics statements="65" coveredstatements="65" conditionals="23" coveredconditionals="21" methods="12" coveredmethods="12"/>
      <file name="evaluateTemplate.ts" path="C:\Users\mzark\code\cog\src\html\evaluateTemplate.ts">
        <metrics statements="42" coveredstatements="42" conditionals="10" coveredconditionals="10" methods="7" coveredmethods="7"/>
        <line num="9" count="10" type="stmt"/>
        <line num="15" count="46" type="stmt"/>
        <line num="16" count="46" type="stmt"/>
        <line num="18" count="46" type="stmt"/>
        <line num="19" count="39" type="stmt"/>
        <line num="20" count="39" type="stmt"/>
        <line num="21" count="39" type="stmt"/>
        <line num="23" count="39" type="stmt"/>
        <line num="25" count="39" type="stmt"/>
        <line num="26" count="37" type="stmt"/>
        <line num="29" count="39" type="cond" truecount="4" falsecount="0"/>
        <line num="30" count="38" type="stmt"/>
        <line num="31" count="38" type="stmt"/>
        <line num="32" count="38" type="stmt"/>
        <line num="35" count="39" type="stmt"/>
        <line num="36" count="39" type="stmt"/>
        <line num="39" count="46" type="stmt"/>
        <line num="41" count="46" type="stmt"/>
        <line num="48" count="10" type="stmt"/>
        <line num="52" count="57" type="stmt"/>
        <line num="53" count="57" type="stmt"/>
        <line num="54" count="57" type="stmt"/>
        <line num="56" count="57" type="stmt"/>
        <line num="57" count="84" type="stmt"/>
        <line num="59" count="84" type="cond" truecount="2" falsecount="0"/>
        <line num="60" count="57" type="stmt"/>
        <line num="61" count="57" type="stmt"/>
        <line num="64" count="27" type="stmt"/>
        <line num="65" count="27" type="stmt"/>
        <line num="66" count="27" type="stmt"/>
        <line num="67" count="27" type="stmt"/>
        <line num="69" count="27" type="stmt"/>
        <line num="70" count="27" type="stmt"/>
        <line num="73" count="68" type="cond" truecount="2" falsecount="0"/>
        <line num="77" count="65" type="stmt"/>
        <line num="79" count="24" type="cond" truecount="2" falsecount="0"/>
        <line num="80" count="4" type="stmt"/>
        <line num="81" count="4" type="stmt"/>
        <line num="84" count="20" type="stmt"/>
        <line num="88" count="27" type="stmt"/>
        <line num="96" count="27" type="stmt"/>
        <line num="99" count="57" type="stmt"/>
      </file>
      <file name="findNextTemplateExpression.ts" path="C:\Users\mzark\code\cog\src\html\findNextTemplateExpression.ts">
        <metrics statements="12" coveredstatements="12" conditionals="10" coveredconditionals="10" methods="1" coveredmethods="1"/>
        <line num="7" count="86" type="stmt"/>
        <line num="8" count="86" type="stmt"/>
        <line num="10" count="86" type="stmt"/>
        <line num="11" count="740" type="cond" truecount="4" falsecount="0"/>
        <line num="12" count="30" type="stmt"/>
        <line num="13" count="30" type="stmt"/>
        <line num="14" count="710" type="cond" truecount="4" falsecount="0"/>
        <line num="15" count="29" type="stmt"/>
        <line num="16" count="29" type="stmt"/>
        <line num="19" count="740" type="cond" truecount="2" falsecount="0"/>
        <line num="20" count="85" type="stmt"/>
        <line num="24" count="1" type="stmt"/>
      </file>
      <file name="htmlToText.ts" path="C:\Users\mzark\code\cog\src\html\htmlToText.ts">
        <metrics statements="4" coveredstatements="4" conditionals="3" coveredconditionals="1" methods="2" coveredmethods="2"/>
        <line num="2" count="28" type="stmt"/>
        <line num="8" count="28" type="stmt"/>
        <line num="9" count="28" type="stmt"/>
        <line num="11" count="28" type="cond" truecount="1" falsecount="2"/>
      </file>
      <file name="removeTagsAndAttributeNames.ts" path="C:\Users\mzark\code\cog\src\html\removeTagsAndAttributeNames.ts">
        <metrics statements="5" coveredstatements="5" conditionals="0" coveredconditionals="0" methods="1" coveredmethods="1"/>
        <line num="1" count="11" type="stmt"/>
        <line num="2" count="11" type="stmt"/>
        <line num="3" count="11" type="stmt"/>
        <line num="4" count="11" type="stmt"/>
        <line num="7" count="28" type="stmt"/>
      </file>
      <file name="sanitizeHtml.ts" path="C:\Users\mzark\code\cog\src\html\sanitizeHtml.ts">
        <metrics statements="2" coveredstatements="2" conditionals="0" coveredconditionals="0" methods="1" coveredmethods="1"/>
        <line num="1" count="4" type="stmt"/>
        <line num="2" count="12" type="stmt"/>
      </file>
    </package>
    <package name="src.nodes">
      <metrics statements="200" coveredstatements="200" conditionals="75" coveredconditionals="68" methods="37" coveredmethods="37"/>
      <file name="cleanReactiveNodesList.ts" path="C:\Users\mzark\code\cog\src\nodes\cleanReactiveNodesList.ts">
        <metrics statements="4" coveredstatements="4" conditionals="0" coveredconditionals="0" methods="2" coveredmethods="2"/>
        <line num="3" count="8" type="stmt"/>
        <line num="6" count="9" type="stmt"/>
        <line num="7" count="20" type="stmt"/>
        <line num="8" count="20" type="stmt"/>
      </file>
      <file name="compareNodes.ts" path="C:\Users\mzark\code\cog\src\nodes\compareNodes.ts">
        <metrics statements="33" coveredstatements="33" conditionals="24" coveredconditionals="24" methods="4" coveredmethods="4"/>
        <line num="9" count="3" type="cond" truecount="2" falsecount="0"/>
        <line num="10" count="2" type="stmt"/>
        <line num="17" count="1" type="stmt"/>
        <line num="24" count="17" type="stmt"/>
        <line num="25" count="17" type="stmt"/>
        <line num="26" count="17" type="stmt"/>
        <line num="30" count="17" type="stmt"/>
        <line num="32" count="17" type="stmt"/>
        <line num="33" count="26" type="stmt"/>
        <line num="34" count="26" type="stmt"/>
        <line num="36" count="26" type="cond" truecount="2" falsecount="0"/>
        <line num="40" count="9" type="cond" truecount="2" falsecount="0"/>
        <line num="41" count="6" type="stmt"/>
        <line num="43" count="17" type="cond" truecount="2" falsecount="0"/>
        <line num="44" count="6" type="stmt"/>
        <line num="45" count="11" type="cond" truecount="2" falsecount="0"/>
        <line num="46" count="4" type="stmt"/>
        <line num="48" count="7" type="stmt"/>
        <line num="54" count="11" type="cond" truecount="2" falsecount="0"/>
        <line num="55" count="2" type="stmt"/>
        <line num="57" count="11" type="cond" truecount="2" falsecount="0"/>
        <line num="58" count="2" type="stmt"/>
        <line num="61" count="11" type="stmt"/>
        <line num="68" count="7" type="cond" truecount="2" falsecount="0"/>
        <line num="69" count="3" type="stmt"/>
        <line num="71" count="4" type="stmt"/>
        <line num="78" count="21" type="cond" truecount="2" falsecount="0"/>
        <line num="79" count="1" type="stmt"/>
        <line num="82" count="20" type="stmt"/>
        <line num="84" count="20" type="cond" truecount="2" falsecount="0"/>
        <line num="93" count="20" type="cond" truecount="2" falsecount="0"/>
        <line num="94" count="5" type="stmt"/>
        <line num="99" count="15" type="stmt"/>
      </file>
      <file name="elementFromString.ts" path="C:\Users\mzark\code\cog\src\nodes\elementFromString.ts">
        <metrics statements="3" coveredstatements="3" conditionals="0" coveredconditionals="0" methods="1" coveredmethods="1"/>
        <line num="4" count="58" type="stmt"/>
        <line num="5" count="58" type="stmt"/>
        <line num="6" count="58" type="stmt"/>
      </file>
      <file name="findCorrespondingNode.ts" path="C:\Users\mzark\code\cog\src\nodes\findCorrespondingNode.ts">
        <metrics statements="12" coveredstatements="12" conditionals="2" coveredconditionals="2" methods="1" coveredmethods="1"/>
        <line num="6" count="15" type="stmt"/>
        <line num="7" count="15" type="stmt"/>
        <line num="9" count="15" type="stmt"/>
        <line num="10" count="6" type="stmt"/>
        <line num="13" count="6" type="stmt"/>
        <line num="16" count="15" type="stmt"/>
        <line num="17" count="15" type="stmt"/>
        <line num="18" count="6" type="stmt"/>
        <line num="19" count="6" type="cond" truecount="2" falsecount="0"/>
        <line num="20" count="5" type="stmt"/>
        <line num="22" count="1" type="stmt"/>
        <line num="26" count="14" type="stmt"/>
      </file>
      <file name="findNodes.ts" path="C:\Users\mzark\code\cog\src\nodes\findNodes.ts">
        <metrics statements="9" coveredstatements="9" conditionals="3" coveredconditionals="3" methods="2" coveredmethods="2"/>
        <line num="4" count="11" type="cond" truecount="1" falsecount="0"/>
        <line num="6" count="32" type="stmt"/>
        <line num="8" count="32" type="stmt"/>
        <line num="15" count="32" type="stmt"/>
        <line num="17" count="32" type="stmt"/>
        <line num="18" count="26" type="cond" truecount="2" falsecount="0"/>
        <line num="19" count="24" type="stmt"/>
        <line num="22" count="26" type="stmt"/>
        <line num="25" count="32" type="stmt"/>
      </file>
      <file name="isCustomElement.ts" path="C:\Users\mzark\code\cog\src\nodes\isCustomElement.ts">
        <metrics statements="2" coveredstatements="2" conditionals="2" coveredconditionals="2" methods="1" coveredmethods="1"/>
        <line num="1" count="6" type="stmt"/>
        <line num="2" count="46" type="stmt"/>
      </file>
      <file name="reconcile.ts" path="C:\Users\mzark\code\cog\src\nodes\reconcile.ts">
        <metrics statements="71" coveredstatements="71" conditionals="28" coveredconditionals="23" methods="12" coveredmethods="12"/>
        <line num="23" count="2" type="stmt"/>
        <line num="24" count="2" type="stmt"/>
        <line num="25" count="2" type="stmt"/>
        <line num="26" count="5" type="stmt"/>
        <line num="29" count="2" type="stmt"/>
        <line num="39" count="2" type="cond" truecount="2" falsecount="0"/>
        <line num="41" count="2" type="stmt"/>
        <line num="43" count="2" type="stmt"/>
        <line num="44" count="1" type="stmt"/>
        <line num="52" count="2" type="cond" truecount="2" falsecount="0"/>
        <line num="53" count="1" type="stmt"/>
        <line num="61" count="2" type="cond" truecount="1" falsecount="1"/>
        <line num="62" count="2" type="stmt"/>
        <line num="63" count="2" type="stmt"/>
        <line num="67" count="2" type="stmt"/>
        <line num="68" count="2" type="stmt"/>
        <line num="69" count="3" type="stmt"/>
        <line num="72" count="2" type="cond" truecount="1" falsecount="1"/>
        <line num="73" count="2" type="stmt"/>
        <line num="75" count="2" type="stmt"/>
        <line num="85" count="6" type="cond" truecount="2" falsecount="0"/>
        <line num="86" count="1" type="stmt"/>
        <line num="88" count="5" type="stmt"/>
        <line num="89" count="5" type="stmt"/>
        <line num="90" count="5" type="stmt"/>
        <line num="98" count="1" type="stmt"/>
        <line num="99" count="1" type="stmt"/>
        <line num="100" count="1" type="stmt"/>
        <line num="111" count="1" type="stmt"/>
        <line num="112" count="1" type="stmt"/>
        <line num="113" count="4" type="stmt"/>
        <line num="115" count="1" type="stmt"/>
        <line num="122" count="1" type="stmt"/>
        <line num="123" count="2" type="stmt"/>
        <line num="136" count="11" type="stmt"/>
        <line num="137" count="11" type="stmt"/>
        <line num="138" count="11" type="stmt"/>
        <line num="144" count="11" type="cond" truecount="2" falsecount="0"/>
        <line num="145" count="2" type="stmt"/>
        <line num="153" count="9" type="stmt"/>
        <line num="159" count="9" type="cond" truecount="2" falsecount="0"/>
        <line num="160" count="6" type="stmt"/>
        <line num="161" count="3" type="cond" truecount="2" falsecount="0"/>
        <line num="162" count="1" type="stmt"/>
        <line num="163" count="2" type="cond" truecount="2" falsecount="0"/>
        <line num="164" count="1" type="stmt"/>
        <line num="165" count="1" type="cond" truecount="1" falsecount="1"/>
        <line num="166" count="1" type="stmt"/>
        <line num="177" count="9" type="stmt"/>
        <line num="178" count="9" type="stmt"/>
        <line num="180" count="9" type="cond" truecount="2" falsecount="0"/>
        <line num="181" count="1" type="stmt"/>
        <line num="184" count="9" type="cond" truecount="2" falsecount="0"/>
        <line num="185" count="1" type="stmt"/>
        <line num="186" count="2" type="stmt"/>
        <line num="191" count="2" type="cond" truecount="1" falsecount="1"/>
        <line num="192" count="2" type="stmt"/>
        <line num="197" count="9" type="stmt"/>
        <line num="200" count="2" type="stmt"/>
        <line num="206" count="9" type="stmt"/>
        <line num="207" count="11" type="stmt"/>
        <line num="208" count="11" type="stmt"/>
        <line num="213" count="11" type="stmt"/>
        <line num="215" count="11" type="stmt"/>
        <line num="223" count="11" type="stmt"/>
        <line num="230" count="11" type="stmt"/>
        <line num="233" count="11" type="stmt"/>
        <line num="234" count="11" type="stmt"/>
        <line num="236" count="11" type="cond" truecount="1" falsecount="1"/>
        <line num="237" count="11" type="stmt"/>
        <line num="240" count="11" type="stmt"/>
      </file>
      <file name="registerNativeElements.ts" path="C:\Users\mzark\code\cog\src\nodes\registerNativeElements.ts">
        <metrics statements="12" coveredstatements="12" conditionals="0" coveredconditionals="0" methods="2" coveredmethods="2"/>
        <line num="8" count="4" type="stmt"/>
        <line num="13" count="16" type="stmt"/>
        <line num="16" count="13" type="stmt"/>
        <line num="19" count="16" type="stmt"/>
        <line num="20" count="11" type="stmt"/>
        <line num="21" count="11" type="stmt"/>
        <line num="22" count="11" type="stmt"/>
        <line num="23" count="11" type="stmt"/>
        <line num="25" count="11" type="stmt"/>
        <line num="33" count="11" type="stmt"/>
        <line num="34" count="11" type="stmt"/>
        <line num="35" count="3" type="stmt"/>
      </file>
      <file name="registerReactiveNode.ts" path="C:\Users\mzark\code\cog\src\nodes\registerReactiveNode.ts">
        <metrics statements="12" coveredstatements="12" conditionals="4" coveredconditionals="3" methods="4" coveredmethods="4"/>
        <line num="19" count="29" type="stmt"/>
        <line num="20" count="21" type="stmt"/>
        <line num="21" count="21" type="cond" truecount="1" falsecount="1"/>
        <line num="22" count="21" type="stmt"/>
        <line num="37" count="29" type="stmt"/>
        <line num="39" count="29" type="stmt"/>
        <line num="41" count="29" type="stmt"/>
        <line num="48" count="29" type="stmt"/>
        <line num="50" count="29" type="stmt"/>
        <line num="52" count="29" type="stmt"/>
        <line num="64" count="29" type="stmt"/>
        <line num="66" count="29" type="stmt"/>
      </file>
      <file name="registerTemplates.ts" path="C:\Users\mzark\code\cog\src\nodes\registerTemplates.ts">
        <metrics statements="42" coveredstatements="42" conditionals="12" coveredconditionals="11" methods="8" coveredmethods="8"/>
        <line num="15" count="15" type="stmt"/>
        <line num="16" count="15" type="stmt"/>
        <line num="18" count="15" type="stmt"/>
        <line num="19" count="11" type="stmt"/>
        <line num="21" count="11" type="cond" truecount="1" falsecount="1"/>
        <line num="22" count="11" type="stmt"/>
        <line num="24" count="11" type="cond" truecount="2" falsecount="0"/>
        <line num="25" count="1" type="stmt"/>
        <line num="28" count="10" type="stmt"/>
        <line num="30" count="10" type="stmt"/>
        <line num="34" count="14" type="stmt"/>
        <line num="44" count="17" type="stmt"/>
        <line num="47" count="10" type="stmt"/>
        <line num="48" count="10" type="stmt"/>
        <line num="50" count="10" type="stmt"/>
        <line num="56" count="10" type="stmt"/>
        <line num="60" count="15" type="cond" truecount="2" falsecount="0"/>
        <line num="61" count="1" type="stmt"/>
        <line num="66" count="17" type="stmt"/>
        <line num="68" count="17" type="cond" truecount="2" falsecount="0"/>
        <line num="69" count="14" type="stmt"/>
        <line num="70" count="14" type="stmt"/>
        <line num="71" count="14" type="stmt"/>
        <line num="72" count="1" type="stmt"/>
        <line num="73" count="1" type="stmt"/>
        <line num="77" count="17" type="stmt"/>
        <line num="78" count="17" type="cond" truecount="2" falsecount="0"/>
        <line num="79" count="3" type="stmt"/>
        <line num="82" count="17" type="stmt"/>
        <line num="86" count="17" type="stmt"/>
        <line num="87" count="17" type="stmt"/>
        <line num="91" count="17" type="stmt"/>
        <line num="98" count="17" type="stmt"/>
        <line num="106" count="10" type="stmt"/>
        <line num="107" count="17" type="stmt"/>
        <line num="108" count="17" type="cond" truecount="2" falsecount="0"/>
        <line num="112" count="17" type="stmt"/>
        <line num="120" count="17" type="stmt"/>
        <line num="125" count="17" type="stmt"/>
        <line num="130" count="17" type="stmt"/>
        <line num="138" count="17" type="stmt"/>
        <line num="148" count="17" type="stmt"/>
      </file>
    </package>
  </project>
</coverage>
