<?xml version="1.0" encoding="UTF-8"?>
<coverage generated="1700591273781" clover="3.2.0">
  <project timestamp="1700591273781" name="All files">
    <metrics statements="130" coveredstatements="130" conditionals="37" coveredconditionals="29" methods="27" coveredmethods="27" elements="194" coveredelements="186" complexity="0" loc="130" ncloc="130" packages="1" files="1" classes="1"/>
    <file name="cog.ts" path="C:\Users\mzark\code\cog\src\cog.ts">
      <metrics statements="130" coveredstatements="130" conditionals="37" coveredconditionals="29" methods="27" coveredmethods="27"/>
      <line num="31" count="1" type="stmt"/>
      <line num="32" count="9" type="stmt"/>
      <line num="33" count="9" type="stmt"/>
      <line num="36" count="9" type="stmt"/>
      <line num="40" count="7" type="stmt"/>
      <line num="41" count="7" type="stmt"/>
      <line num="42" count="7" type="stmt"/>
      <line num="44" count="6" type="cond" truecount="2" falsecount="0"/>
      <line num="45" count="1" type="stmt"/>
      <line num="48" count="6" type="stmt"/>
      <line num="50" count="1" type="stmt"/>
      <line num="62" count="10" type="stmt"/>
      <line num="63" count="10" type="stmt"/>
      <line num="65" count="10" type="stmt"/>
      <line num="66" count="44" type="cond" truecount="2" falsecount="0"/>
      <line num="67" count="6" type="stmt"/>
      <line num="68" count="6" type="stmt"/>
      <line num="69" count="38" type="cond" truecount="2" falsecount="0"/>
      <line num="70" count="5" type="stmt"/>
      <line num="71" count="5" type="stmt"/>
      <line num="74" count="44" type="cond" truecount="2" falsecount="0"/>
      <line num="75" count="9" type="stmt"/>
      <line num="79" count="1" type="stmt"/>
      <line num="82" count="1" type="stmt"/>
      <line num="83" count="5" type="stmt"/>
      <line num="85" count="5" type="stmt"/>
      <line num="86" count="4" type="stmt"/>
      <line num="88" count="4" type="stmt"/>
      <line num="89" count="4" type="stmt"/>
      <line num="90" count="4" type="stmt"/>
      <line num="92" count="4" type="stmt"/>
      <line num="93" count="8" type="stmt"/>
      <line num="95" count="8" type="cond" truecount="2" falsecount="0"/>
      <line num="96" count="4" type="stmt"/>
      <line num="97" count="4" type="stmt"/>
      <line num="100" count="4" type="stmt"/>
      <line num="101" count="4" type="stmt"/>
      <line num="102" count="4" type="stmt"/>
      <line num="103" count="4" type="stmt"/>
      <line num="105" count="4" type="stmt"/>
      <line num="106" count="4" type="stmt"/>
      <line num="108" count="4" type="stmt"/>
      <line num="110" count="4" type="stmt"/>
      <line num="112" count="4" type="stmt"/>
      <line num="114" count="4" type="cond" truecount="1" falsecount="1"/>
      <line num="115" count="4" type="stmt"/>
      <line num="116" count="4" type="stmt"/>
      <line num="127" count="4" type="stmt"/>
      <line num="129" count="4" type="stmt"/>
      <line num="136" count="4" type="stmt"/>
      <line num="142" count="4" type="stmt"/>
      <line num="143" count="4" type="stmt"/>
      <line num="145" count="4" type="cond" truecount="1" falsecount="2"/>
      <line num="163" count="4" type="stmt"/>
      <line num="164" count="4" type="stmt"/>
      <line num="170" count="5" type="stmt"/>
      <line num="172" count="5" type="stmt"/>
      <line num="173" count="5" type="stmt"/>
      <line num="174" count="5" type="stmt"/>
      <line num="175" count="5" type="cond" truecount="2" falsecount="0"/>
      <line num="180" count="4" type="cond" truecount="1" falsecount="1"/>
      <line num="181" count="4" type="stmt"/>
      <line num="182" count="4" type="stmt"/>
      <line num="187" count="5" type="cond" truecount="2" falsecount="0"/>
      <line num="188" count="4" type="stmt"/>
      <line num="190" count="1" type="stmt"/>
      <line num="191" count="1" type="stmt"/>
      <line num="192" count="1" type="stmt"/>
      <line num="196" count="1" type="stmt"/>
      <line num="199" count="1" type="stmt"/>
      <line num="203" count="4" type="stmt"/>
      <line num="206" count="1" type="stmt"/>
      <line num="207" count="4" type="stmt"/>
      <line num="209" count="4" type="stmt"/>
      <line num="211" count="4" type="stmt"/>
      <line num="218" count="4" type="stmt"/>
      <line num="220" count="4" type="stmt"/>
      <line num="221" count="5" type="stmt"/>
      <line num="222" count="5" type="stmt"/>
      <line num="225" count="4" type="stmt"/>
      <line num="229" count="7" type="stmt"/>
      <line num="230" count="7" type="stmt"/>
      <line num="234" count="4" type="stmt"/>
      <line num="235" count="4" type="stmt"/>
      <line num="243" count="17" type="stmt"/>
      <line num="244" count="3" type="stmt"/>
      <line num="245" count="2" type="stmt"/>
      <line num="246" count="2" type="stmt"/>
      <line num="254" count="9" type="stmt"/>
      <line num="255" count="1" type="stmt"/>
      <line num="256" count="1" type="cond" truecount="1" falsecount="1"/>
      <line num="257" count="1" type="stmt"/>
      <line num="262" count="1" type="stmt"/>
      <line num="267" count="3" type="stmt"/>
      <line num="268" count="3" type="cond" truecount="2" falsecount="0"/>
      <line num="269" count="1" type="stmt"/>
      <line num="272" count="2" type="stmt"/>
      <line num="274" count="2" type="stmt"/>
      <line num="275" count="2" type="stmt"/>
      <line num="276" count="2" type="stmt"/>
      <line num="277" count="1" type="stmt"/>
      <line num="279" count="1" type="stmt"/>
      <line num="288" count="1" type="stmt"/>
      <line num="289" count="6" type="stmt"/>
      <line num="290" count="6" type="stmt"/>
      <line num="292" count="6" type="stmt"/>
      <line num="295" count="7" type="cond" truecount="2" falsecount="0"/>
      <line num="296" count="4" type="stmt"/>
      <line num="298" count="7" type="cond" truecount="2" falsecount="0"/>
      <line num="299" count="1" type="stmt"/>
      <line num="301" count="6" type="stmt"/>
      <line num="306" count="1" type="stmt"/>
      <line num="307" count="1" type="stmt"/>
      <line num="308" count="1" type="stmt"/>
      <line num="312" count="6" type="stmt"/>
      <line num="313" count="4" type="stmt"/>
      <line num="314" count="3" type="stmt"/>
      <line num="315" count="3" type="stmt"/>
      <line num="318" count="6" type="stmt"/>
      <line num="319" count="6" type="cond" truecount="2" falsecount="0"/>
      <line num="320" count="5" type="stmt"/>
      <line num="322" count="6" type="stmt"/>
      <line num="323" count="6" type="stmt"/>
      <line num="325" count="6" type="stmt"/>
      <line num="327" count="3" type="stmt"/>
      <line num="329" count="3" type="stmt"/>
      <line num="331" count="1" type="stmt"/>
      <line num="334" count="1" type="stmt"/>
      <line num="341" count="1" type="stmt"/>
      <line num="343" count="1" type="stmt"/>
    </file>
  </project>
</coverage>
