{"C:\\Users\\mzark\\code\\cog\\src\\cog.ts": {"path":"C:\\Users\\mzark\\code\\cog\\src\\cog.ts","statementMap":{"0":{"start":{"line":32,"column":30},"end":{"line":38,"column":1}},"1":{"start":{"line":33,"column":25},"end":{"line":35,"column":44}},"2":{"start":{"line":34,"column":27},"end":{"line":34,"column":70}},"3":{"start":{"line":37,"column":4},"end":{"line":37,"column":36}},"4":{"start":{"line":41,"column":4},"end":{"line":56,"column":5}},"5":{"start":{"line":42,"column":36},"end":{"line":42,"column":76}},"6":{"start":{"line":43,"column":24},"end":{"line":43,"column":50}},"7":{"start":{"line":45,"column":8},"end":{"line":47,"column":9}},"8":{"start":{"line":46,"column":12},"end":{"line":46,"column":43}},"9":{"start":{"line":49,"column":8},"end":{"line":49,"column":25}},"10":{"start":{"line":51,"column":8},"end":{"line":55,"column":10}},"11":{"start":{"line":63,"column":18},"end":{"line":63,"column":40}},"12":{"start":{"line":64,"column":16},"end":{"line":64,"column":17}},"13":{"start":{"line":66,"column":4},"end":{"line":78,"column":5}},"14":{"start":{"line":66,"column":17},"end":{"line":66,"column":22}},"15":{"start":{"line":67,"column":8},"end":{"line":73,"column":9}},"16":{"start":{"line":68,"column":12},"end":{"line":68,"column":20}},"17":{"start":{"line":69,"column":12},"end":{"line":69,"column":16}},"18":{"start":{"line":70,"column":15},"end":{"line":73,"column":9}},"19":{"start":{"line":71,"column":12},"end":{"line":71,"column":20}},"20":{"start":{"line":72,"column":12},"end":{"line":72,"column":16}},"21":{"start":{"line":75,"column":8},"end":{"line":77,"column":9}},"22":{"start":{"line":76,"column":12},"end":{"line":76,"column":37}},"23":{"start":{"line":80,"column":4},"end":{"line":80,"column":30}},"24":{"start":{"line":83,"column":22},"end":{"line":134,"column":1}},"25":{"start":{"line":84,"column":24},"end":{"line":84,"column":25}},"26":{"start":{"line":86,"column":4},"end":{"line":133,"column":5}},"27":{"start":{"line":87,"column":38},"end":{"line":87,"column":57}},"28":{"start":{"line":89,"column":29},"end":{"line":89,"column":31}},"29":{"start":{"line":90,"column":28},"end":{"line":90,"column":36}},"30":{"start":{"line":91,"column":36},"end":{"line":91,"column":40}},"31":{"start":{"line":93,"column":8},"end":{"line":110,"column":9}},"32":{"start":{"line":94,"column":35},"end":{"line":94,"column":76}},"33":{"start":{"line":96,"column":12},"end":{"line":99,"column":13}},"34":{"start":{"line":97,"column":16},"end":{"line":97,"column":46}},"35":{"start":{"line":98,"column":16},"end":{"line":98,"column":22}},"36":{"start":{"line":101,"column":30},"end":{"line":101,"column":69}},"37":{"start":{"line":102,"column":27},"end":{"line":102,"column":56}},"38":{"start":{"line":103,"column":26},"end":{"line":103,"column":54}},"39":{"start":{"line":104,"column":26},"end":{"line":104,"column":47}},"40":{"start":{"line":106,"column":30},"end":{"line":106,"column":62}},"41":{"start":{"line":107,"column":12},"end":{"line":107,"column":54}},"42":{"start":{"line":109,"column":12},"end":{"line":109,"column":34}},"43":{"start":{"line":111,"column":8},"end":{"line":111,"column":40}},"44":{"start":{"line":113,"column":32},"end":{"line":113,"column":76}},"45":{"start":{"line":115,"column":8},"end":{"line":132,"column":9}},"46":{"start":{"line":116,"column":12},"end":{"line":131,"column":15}},"47":{"start":{"line":117,"column":16},"end":{"line":117,"column":49}},"48":{"start":{"line":128,"column":16},"end":{"line":128,"column":44}},"49":{"start":{"line":130,"column":16},"end":{"line":130,"column":53}},"50":{"start":{"line":137,"column":4},"end":{"line":139,"column":42}},"51":{"start":{"line":143,"column":16},"end":{"line":143,"column":45}},"52":{"start":{"line":144,"column":4},"end":{"line":144,"column":37}},"53":{"start":{"line":146,"column":4},"end":{"line":146,"column":50}},"54":{"start":{"line":164,"column":23},"end":{"line":164,"column":60}},"55":{"start":{"line":165,"column":4},"end":{"line":165,"column":35}},"56":{"start":{"line":171,"column":33},"end":{"line":171,"column":38}},"57":{"start":{"line":173,"column":8},"end":{"line":186,"column":9}},"58":{"start":{"line":173,"column":21},"end":{"line":173,"column":22}},"59":{"start":{"line":174,"column":29},"end":{"line":174,"column":50}},"60":{"start":{"line":175,"column":29},"end":{"line":175,"column":50}},"61":{"start":{"line":176,"column":12},"end":{"line":185,"column":13}},"62":{"start":{"line":181,"column":16},"end":{"line":184,"column":17}},"63":{"start":{"line":182,"column":20},"end":{"line":182,"column":46}},"64":{"start":{"line":183,"column":20},"end":{"line":183,"column":26}},"65":{"start":{"line":188,"column":8},"end":{"line":201,"column":9}},"66":{"start":{"line":189,"column":12},"end":{"line":189,"column":70}},"67":{"start":{"line":191,"column":52},"end":{"line":191,"column":54}},"68":{"start":{"line":192,"column":12},"end":{"line":198,"column":13}},"69":{"start":{"line":192,"column":25},"end":{"line":192,"column":26}},"70":{"start":{"line":193,"column":32},"end":{"line":196,"column":17}},"71":{"start":{"line":197,"column":16},"end":{"line":197,"column":66}},"72":{"start":{"line":200,"column":12},"end":{"line":200,"column":35}},"73":{"start":{"line":204,"column":4},"end":{"line":204,"column":48}},"74":{"start":{"line":207,"column":24},"end":{"line":227,"column":1}},"75":{"start":{"line":208,"column":26},"end":{"line":208,"column":28}},"76":{"start":{"line":210,"column":8},"end":{"line":210,"column":71}},"77":{"start":{"line":212,"column":19},"end":{"line":218,"column":5}},"78":{"start":{"line":219,"column":18},"end":{"line":219,"column":51}},"79":{"start":{"line":221,"column":4},"end":{"line":224,"column":5}},"80":{"start":{"line":222,"column":8},"end":{"line":222,"column":60}},"81":{"start":{"line":223,"column":8},"end":{"line":223,"column":52}},"82":{"start":{"line":226,"column":4},"end":{"line":226,"column":16}},"83":{"start":{"line":229,"column":29},"end":{"line":248,"column":1}},"84":{"start":{"line":230,"column":37},"end":{"line":230,"column":39}},"85":{"start":{"line":231,"column":18},"end":{"line":231,"column":28}},"86":{"start":{"line":233,"column":19},"end":{"line":239,"column":5}},"87":{"start":{"line":240,"column":18},"end":{"line":240,"column":51}},"88":{"start":{"line":242,"column":4},"end":{"line":245,"column":5}},"89":{"start":{"line":243,"column":8},"end":{"line":243,"column":32}},"90":{"start":{"line":244,"column":8},"end":{"line":244,"column":52}},"91":{"start":{"line":247,"column":4},"end":{"line":247,"column":21}},"92":{"start":{"line":251,"column":4},"end":{"line":251,"column":46}},"93":{"start":{"line":252,"column":4},"end":{"line":252,"column":47}},"94":{"start":{"line":256,"column":4},"end":{"line":256,"column":42}},"95":{"start":{"line":257,"column":4},"end":{"line":257,"column":43}},"96":{"start":{"line":265,"column":4},"end":{"line":269,"column":7}},"97":{"start":{"line":266,"column":24},"end":{"line":266,"column":67}},"98":{"start":{"line":267,"column":8},"end":{"line":267,"column":53}},"99":{"start":{"line":268,"column":8},"end":{"line":268,"column":73}},"100":{"start":{"line":276,"column":4},"end":{"line":281,"column":7}},"101":{"start":{"line":277,"column":24},"end":{"line":277,"column":78}},"102":{"start":{"line":278,"column":8},"end":{"line":280,"column":9}},"103":{"start":{"line":279,"column":12},"end":{"line":279,"column":60}},"104":{"start":{"line":284,"column":25},"end":{"line":306,"column":1}},"105":{"start":{"line":289,"column":20},"end":{"line":289,"column":64}},"106":{"start":{"line":290,"column":4},"end":{"line":292,"column":5}},"107":{"start":{"line":291,"column":8},"end":{"line":291,"column":58}},"108":{"start":{"line":294,"column":29},"end":{"line":294,"column":66}},"109":{"start":{"line":296,"column":4},"end":{"line":305,"column":6}},"110":{"start":{"line":297,"column":8},"end":{"line":304,"column":9}},"111":{"start":{"line":298,"column":12},"end":{"line":298,"column":36}},"112":{"start":{"line":299,"column":12},"end":{"line":299,"column":31}},"113":{"start":{"line":301,"column":12},"end":{"line":303,"column":14}},"114":{"start":{"line":308,"column":20},"end":{"line":394,"column":1}},"115":{"start":{"line":309,"column":25},"end":{"line":309,"column":27}},"116":{"start":{"line":310,"column":24},"end":{"line":310,"column":26}},"117":{"start":{"line":311,"column":35},"end":{"line":311,"column":37}},"118":{"start":{"line":316,"column":29},"end":{"line":316,"column":54}},"119":{"start":{"line":317,"column":16},"end":{"line":321,"column":17}},"120":{"start":{"line":317,"column":29},"end":{"line":317,"column":30}},"121":{"start":{"line":318,"column":32},"end":{"line":318,"column":39}},"122":{"start":{"line":319,"column":34},"end":{"line":319,"column":51}},"123":{"start":{"line":320,"column":20},"end":{"line":320,"column":39}},"124":{"start":{"line":323,"column":16},"end":{"line":326,"column":18}},"125":{"start":{"line":329,"column":8},"end":{"line":329,"column":51}},"126":{"start":{"line":332,"column":23},"end":{"line":343,"column":5}},"127":{"start":{"line":335,"column":12},"end":{"line":337,"column":13}},"128":{"start":{"line":336,"column":16},"end":{"line":336,"column":62}},"129":{"start":{"line":338,"column":12},"end":{"line":340,"column":13}},"130":{"start":{"line":339,"column":16},"end":{"line":339,"column":57}},"131":{"start":{"line":341,"column":12},"end":{"line":341,"column":32}},"132":{"start":{"line":346,"column":8},"end":{"line":349,"column":14}},"133":{"start":{"line":347,"column":12},"end":{"line":347,"column":32}},"134":{"start":{"line":348,"column":12},"end":{"line":348,"column":32}},"135":{"start":{"line":353,"column":8},"end":{"line":359,"column":11}},"136":{"start":{"line":354,"column":25},"end":{"line":354,"column":52}},"137":{"start":{"line":355,"column":12},"end":{"line":357,"column":13}},"138":{"start":{"line":356,"column":16},"end":{"line":356,"column":56}},"139":{"start":{"line":358,"column":12},"end":{"line":358,"column":52}},"140":{"start":{"line":362,"column":19},"end":{"line":368,"column":5}},"141":{"start":{"line":363,"column":8},"end":{"line":363,"column":52}},"142":{"start":{"line":364,"column":8},"end":{"line":364,"column":34}},"143":{"start":{"line":365,"column":8},"end":{"line":365,"column":42}},"144":{"start":{"line":366,"column":8},"end":{"line":366,"column":54}},"145":{"start":{"line":367,"column":8},"end":{"line":367,"column":28}},"146":{"start":{"line":370,"column":26},"end":{"line":370,"column":76}},"147":{"start":{"line":371,"column":4},"end":{"line":373,"column":5}},"148":{"start":{"line":372,"column":8},"end":{"line":372,"column":72}},"149":{"start":{"line":374,"column":4},"end":{"line":374,"column":58}},"150":{"start":{"line":375,"column":4},"end":{"line":375,"column":64}},"151":{"start":{"line":377,"column":4},"end":{"line":393,"column":6}},"152":{"start":{"line":379,"column":12},"end":{"line":379,"column":32}},"153":{"start":{"line":381,"column":12},"end":{"line":391,"column":14}},"154":{"start":{"line":383,"column":20},"end":{"line":383,"column":46}},"155":{"start":{"line":386,"column":20},"end":{"line":386,"column":44}},"156":{"start":{"line":389,"column":20},"end":{"line":389,"column":46}},"157":{"start":{"line":396,"column":28},"end":{"line":396,"column":42}}},"fnMap":{"0":{"name":"(anonymous_0)","decl":{"start":{"line":32,"column":30},"end":{"line":32,"column":31}},"loc":{"start":{"line":32,"column":68},"end":{"line":38,"column":1}},"line":32},"1":{"name":"(anonymous_1)","decl":{"start":{"line":34,"column":13},"end":{"line":34,"column":14}},"loc":{"start":{"line":34,"column":27},"end":{"line":34,"column":70}},"line":34},"2":{"name":"evaluateExpression","decl":{"start":{"line":40,"column":16},"end":{"line":40,"column":34}},"loc":{"start":{"line":40,"column":77},"end":{"line":57,"column":1}},"line":40},"3":{"name":"findNextTemplateExpression","decl":{"start":{"line":59,"column":16},"end":{"line":59,"column":42}},"loc":{"start":{"line":62,"column":2},"end":{"line":81,"column":1}},"line":62},"4":{"name":"(anonymous_4)","decl":{"start":{"line":83,"column":22},"end":{"line":83,"column":23}},"loc":{"start":{"line":83,"column":55},"end":{"line":134,"column":1}},"line":83},"5":{"name":"(anonymous_5)","decl":{"start":{"line":116,"column":32},"end":{"line":116,"column":33}},"loc":{"start":{"line":116,"column":58},"end":{"line":131,"column":13}},"line":116},"6":{"name":"escapeHtml","decl":{"start":{"line":136,"column":9},"end":{"line":136,"column":19}},"loc":{"start":{"line":136,"column":34},"end":{"line":140,"column":1}},"line":136},"7":{"name":"htmlToText","decl":{"start":{"line":142,"column":9},"end":{"line":142,"column":19}},"loc":{"start":{"line":142,"column":34},"end":{"line":147,"column":1}},"line":142},"8":{"name":"findChangedElements","decl":{"start":{"line":163,"column":9},"end":{"line":163,"column":28}},"loc":{"start":{"line":163,"column":71},"end":{"line":205,"column":1}},"line":163},"9":{"name":"compareNodes","decl":{"start":{"line":167,"column":13},"end":{"line":167,"column":25}},"loc":{"start":{"line":170,"column":24},"end":{"line":202,"column":5}},"line":170},"10":{"name":"(anonymous_10)","decl":{"start":{"line":207,"column":24},"end":{"line":207,"column":25}},"loc":{"start":{"line":207,"column":56},"end":{"line":227,"column":1}},"line":207},"11":{"name":"(anonymous_11)","decl":{"start":{"line":229,"column":29},"end":{"line":229,"column":30}},"loc":{"start":{"line":229,"column":67},"end":{"line":248,"column":1}},"line":229},"12":{"name":"addAllEventListeners","decl":{"start":{"line":250,"column":9},"end":{"line":250,"column":29}},"loc":{"start":{"line":250,"column":65},"end":{"line":253,"column":1}},"line":250},"13":{"name":"removeAllEventListeners","decl":{"start":{"line":255,"column":9},"end":{"line":255,"column":32}},"loc":{"start":{"line":255,"column":55},"end":{"line":258,"column":1}},"line":255},"14":{"name":"addEventListeners","decl":{"start":{"line":260,"column":16},"end":{"line":260,"column":33}},"loc":{"start":{"line":264,"column":2},"end":{"line":270,"column":1}},"line":264},"15":{"name":"(anonymous_15)","decl":{"start":{"line":265,"column":62},"end":{"line":265,"column":63}},"loc":{"start":{"line":265,"column":75},"end":{"line":269,"column":5}},"line":265},"16":{"name":"removeEventListeners","decl":{"start":{"line":272,"column":16},"end":{"line":272,"column":36}},"loc":{"start":{"line":275,"column":2},"end":{"line":282,"column":1}},"line":275},"17":{"name":"(anonymous_17)","decl":{"start":{"line":276,"column":63},"end":{"line":276,"column":64}},"loc":{"start":{"line":276,"column":76},"end":{"line":281,"column":5}},"line":276},"18":{"name":"(anonymous_18)","decl":{"start":{"line":284,"column":25},"end":{"line":284,"column":26}},"loc":{"start":{"line":288,"column":5},"end":{"line":306,"column":1}},"line":288},"19":{"name":"(anonymous_19)","decl":{"start":{"line":296,"column":11},"end":{"line":296,"column":12}},"loc":{"start":{"line":296,"column":31},"end":{"line":305,"column":5}},"line":296},"20":{"name":"(anonymous_20)","decl":{"start":{"line":308,"column":20},"end":{"line":308,"column":21}},"loc":{"start":{"line":308,"column":49},"end":{"line":394,"column":1}},"line":308},"21":{"name":"defineElement","decl":{"start":{"line":313,"column":13},"end":{"line":313,"column":26}},"loc":{"start":{"line":313,"column":60},"end":{"line":330,"column":5}},"line":313},"22":{"name":"(anonymous_22)","decl":{"start":{"line":315,"column":12},"end":{"line":315,"column":13}},"loc":{"start":{"line":315,"column":32},"end":{"line":327,"column":13}},"line":315},"23":{"name":"(anonymous_23)","decl":{"start":{"line":334,"column":8},"end":{"line":334,"column":9}},"loc":{"start":{"line":334,"column":20},"end":{"line":342,"column":9}},"line":334},"24":{"name":"updateState","decl":{"start":{"line":345,"column":13},"end":{"line":345,"column":24}},"loc":{"start":{"line":345,"column":52},"end":{"line":350,"column":5}},"line":345},"25":{"name":"(anonymous_25)","decl":{"start":{"line":346,"column":19},"end":{"line":346,"column":20}},"loc":{"start":{"line":346,"column":25},"end":{"line":349,"column":9}},"line":346},"26":{"name":"defineElements","decl":{"start":{"line":352,"column":13},"end":{"line":352,"column":27}},"loc":{"start":{"line":352,"column":54},"end":{"line":360,"column":5}},"line":352},"27":{"name":"(anonymous_27)","decl":{"start":{"line":353,"column":26},"end":{"line":353,"column":27}},"loc":{"start":{"line":353,"column":40},"end":{"line":359,"column":9}},"line":353},"28":{"name":"(anonymous_28)","decl":{"start":{"line":362,"column":19},"end":{"line":362,"column":20}},"loc":{"start":{"line":362,"column":25},"end":{"line":368,"column":5}},"line":362},"29":{"name":"(anonymous_29)","decl":{"start":{"line":378,"column":18},"end":{"line":378,"column":19}},"loc":{"start":{"line":378,"column":49},"end":{"line":392,"column":9}},"line":378},"30":{"name":"(anonymous_30)","decl":{"start":{"line":382,"column":16},"end":{"line":382,"column":17}},"loc":{"start":{"line":382,"column":37},"end":{"line":384,"column":17}},"line":382},"31":{"name":"(anonymous_31)","decl":{"start":{"line":385,"column":16},"end":{"line":385,"column":17}},"loc":{"start":{"line":385,"column":28},"end":{"line":387,"column":17}},"line":385},"32":{"name":"(anonymous_32)","decl":{"start":{"line":388,"column":21},"end":{"line":388,"column":22}},"loc":{"start":{"line":388,"column":36},"end":{"line":390,"column":17}},"line":388}},"branchMap":{"0":{"loc":{"start":{"line":45,"column":8},"end":{"line":47,"column":9}},"type":"if","locations":[{"start":{"line":45,"column":8},"end":{"line":47,"column":9}},{"start":{},"end":{}}],"line":45},"1":{"loc":{"start":{"line":67,"column":8},"end":{"line":73,"column":9}},"type":"if","locations":[{"start":{"line":67,"column":8},"end":{"line":73,"column":9}},{"start":{"line":70,"column":15},"end":{"line":73,"column":9}}],"line":67},"2":{"loc":{"start":{"line":70,"column":15},"end":{"line":73,"column":9}},"type":"if","locations":[{"start":{"line":70,"column":15},"end":{"line":73,"column":9}},{"start":{},"end":{}}],"line":70},"3":{"loc":{"start":{"line":75,"column":8},"end":{"line":77,"column":9}},"type":"if","locations":[{"start":{"line":75,"column":8},"end":{"line":77,"column":9}},{"start":{},"end":{}}],"line":75},"4":{"loc":{"start":{"line":96,"column":12},"end":{"line":99,"column":13}},"type":"if","locations":[{"start":{"line":96,"column":12},"end":{"line":99,"column":13}},{"start":{},"end":{}}],"line":96},"5":{"loc":{"start":{"line":115,"column":8},"end":{"line":132,"column":9}},"type":"if","locations":[{"start":{"line":115,"column":8},"end":{"line":132,"column":9}},{"start":{},"end":{}}],"line":115},"6":{"loc":{"start":{"line":146,"column":11},"end":{"line":146,"column":49}},"type":"binary-expr","locations":[{"start":{"line":146,"column":11},"end":{"line":146,"column":26}},{"start":{"line":146,"column":30},"end":{"line":146,"column":43}},{"start":{"line":146,"column":47},"end":{"line":146,"column":49}}],"line":146},"7":{"loc":{"start":{"line":176,"column":12},"end":{"line":185,"column":13}},"type":"if","locations":[{"start":{"line":176,"column":12},"end":{"line":185,"column":13}},{"start":{},"end":{}}],"line":176},"8":{"loc":{"start":{"line":177,"column":16},"end":{"line":179,"column":52}},"type":"binary-expr","locations":[{"start":{"line":177,"column":16},"end":{"line":177,"column":52}},{"start":{"line":178,"column":16},"end":{"line":178,"column":24}},{"start":{"line":179,"column":16},"end":{"line":179,"column":52}}],"line":177},"9":{"loc":{"start":{"line":181,"column":16},"end":{"line":184,"column":17}},"type":"if","locations":[{"start":{"line":181,"column":16},"end":{"line":184,"column":17}},{"start":{},"end":{}}],"line":181},"10":{"loc":{"start":{"line":188,"column":8},"end":{"line":201,"column":9}},"type":"if","locations":[{"start":{"line":188,"column":8},"end":{"line":201,"column":9}},{"start":{"line":190,"column":15},"end":{"line":201,"column":9}}],"line":188},"11":{"loc":{"start":{"line":262,"column":4},"end":{"line":262,"column":23}},"type":"default-arg","locations":[{"start":{"line":262,"column":16},"end":{"line":262,"column":23}}],"line":262},"12":{"loc":{"start":{"line":274,"column":4},"end":{"line":274,"column":23}},"type":"default-arg","locations":[{"start":{"line":274,"column":16},"end":{"line":274,"column":23}}],"line":274},"13":{"loc":{"start":{"line":278,"column":8},"end":{"line":280,"column":9}},"type":"if","locations":[{"start":{"line":278,"column":8},"end":{"line":280,"column":9}},{"start":{},"end":{}}],"line":278},"14":{"loc":{"start":{"line":285,"column":4},"end":{"line":285,"column":23}},"type":"default-arg","locations":[{"start":{"line":285,"column":16},"end":{"line":285,"column":23}}],"line":285},"15":{"loc":{"start":{"line":290,"column":4},"end":{"line":292,"column":5}},"type":"if","locations":[{"start":{"line":290,"column":4},"end":{"line":292,"column":5}},{"start":{},"end":{}}],"line":290},"16":{"loc":{"start":{"line":335,"column":12},"end":{"line":337,"column":13}},"type":"if","locations":[{"start":{"line":335,"column":12},"end":{"line":337,"column":13}},{"start":{},"end":{}}],"line":335},"17":{"loc":{"start":{"line":338,"column":12},"end":{"line":340,"column":13}},"type":"if","locations":[{"start":{"line":338,"column":12},"end":{"line":340,"column":13}},{"start":{},"end":{}}],"line":338},"18":{"loc":{"start":{"line":355,"column":12},"end":{"line":357,"column":13}},"type":"if","locations":[{"start":{"line":355,"column":12},"end":{"line":357,"column":13}},{"start":{},"end":{}}],"line":355},"19":{"loc":{"start":{"line":371,"column":4},"end":{"line":373,"column":5}},"type":"if","locations":[{"start":{"line":371,"column":4},"end":{"line":373,"column":5}},{"start":{},"end":{}}],"line":371}},"s":{"0":1,"1":12,"2":12,"3":12,"4":10,"5":10,"6":10,"7":9,"8":1,"9":9,"10":1,"11":16,"12":16,"13":16,"14":16,"15":71,"16":9,"17":9,"18":62,"19":8,"20":8,"21":71,"22":15,"23":1,"24":1,"25":8,"26":8,"27":7,"28":7,"29":7,"30":7,"31":7,"32":14,"33":14,"34":7,"35":7,"36":7,"37":7,"38":7,"39":7,"40":7,"41":7,"42":7,"43":7,"44":7,"45":7,"46":7,"47":7,"48":7,"49":7,"50":7,"51":7,"52":7,"53":7,"54":7,"55":7,"56":8,"57":8,"58":8,"59":8,"60":8,"61":8,"62":7,"63":7,"64":7,"65":8,"66":7,"67":1,"68":1,"69":1,"70":1,"71":1,"72":1,"73":7,"74":1,"75":6,"76":6,"77":6,"78":6,"79":6,"80":7,"81":7,"82":6,"83":1,"84":7,"85":7,"86":7,"87":7,"88":7,"89":4,"90":4,"91":7,"92":12,"93":12,"94":7,"95":7,"96":27,"97":3,"98":2,"99":2,"100":15,"101":1,"102":1,"103":1,"104":1,"105":3,"106":3,"107":1,"108":2,"109":2,"110":2,"111":2,"112":1,"113":1,"114":1,"115":9,"116":9,"117":9,"118":1,"119":1,"120":1,"121":1,"122":1,"123":1,"124":1,"125":1,"126":9,"127":17,"128":7,"129":17,"130":1,"131":16,"132":2,"133":2,"134":2,"135":6,"136":2,"137":2,"138":1,"139":1,"140":9,"141":7,"142":6,"143":5,"144":5,"145":5,"146":9,"147":9,"148":8,"149":9,"150":9,"151":9,"152":4,"153":4,"154":1,"155":1,"156":1,"157":1},"f":{"0":12,"1":12,"2":10,"3":16,"4":8,"5":7,"6":7,"7":7,"8":7,"9":8,"10":6,"11":7,"12":12,"13":7,"14":27,"15":3,"16":15,"17":1,"18":3,"19":2,"20":9,"21":1,"22":1,"23":17,"24":2,"25":2,"26":6,"27":2,"28":7,"29":4,"30":1,"31":1,"32":1},"b":{"0":[1,8],"1":[9,62],"2":[8,54],"3":[15,56],"4":[7,7],"5":[7,0],"6":[7,0,0],"7":[7,1],"8":[8,7,7],"9":[7,0],"10":[7,1],"11":[0],"12":[0],"13":[1,0],"14":[0],"15":[1,2],"16":[7,10],"17":[1,16],"18":[1,1],"19":[8,1]},"_coverageSchema":"1a1c01bbd47fc00a2c39e90264f33305004495a9","hash":"7f0f879445414161cb2abc7f92c5b19e75821e8e"}
}
