{"C:\\Users\\mzark\\code\\cog\\src\\cog.ts": {"path":"C:\\Users\\mzark\\code\\cog\\src\\cog.ts","statementMap":{"0":{"start":{"line":31,"column":30},"end":{"line":37,"column":1}},"1":{"start":{"line":32,"column":25},"end":{"line":34,"column":44}},"2":{"start":{"line":33,"column":27},"end":{"line":33,"column":70}},"3":{"start":{"line":36,"column":4},"end":{"line":36,"column":36}},"4":{"start":{"line":40,"column":4},"end":{"line":55,"column":5}},"5":{"start":{"line":41,"column":36},"end":{"line":41,"column":76}},"6":{"start":{"line":42,"column":24},"end":{"line":42,"column":50}},"7":{"start":{"line":44,"column":8},"end":{"line":46,"column":9}},"8":{"start":{"line":45,"column":12},"end":{"line":45,"column":43}},"9":{"start":{"line":48,"column":8},"end":{"line":48,"column":25}},"10":{"start":{"line":50,"column":8},"end":{"line":54,"column":10}},"11":{"start":{"line":62,"column":18},"end":{"line":62,"column":40}},"12":{"start":{"line":63,"column":16},"end":{"line":63,"column":17}},"13":{"start":{"line":65,"column":4},"end":{"line":77,"column":5}},"14":{"start":{"line":65,"column":17},"end":{"line":65,"column":22}},"15":{"start":{"line":66,"column":8},"end":{"line":72,"column":9}},"16":{"start":{"line":67,"column":12},"end":{"line":67,"column":20}},"17":{"start":{"line":68,"column":12},"end":{"line":68,"column":16}},"18":{"start":{"line":69,"column":15},"end":{"line":72,"column":9}},"19":{"start":{"line":70,"column":12},"end":{"line":70,"column":20}},"20":{"start":{"line":71,"column":12},"end":{"line":71,"column":16}},"21":{"start":{"line":74,"column":8},"end":{"line":76,"column":9}},"22":{"start":{"line":75,"column":12},"end":{"line":75,"column":37}},"23":{"start":{"line":79,"column":4},"end":{"line":79,"column":30}},"24":{"start":{"line":82,"column":22},"end":{"line":133,"column":1}},"25":{"start":{"line":83,"column":24},"end":{"line":83,"column":25}},"26":{"start":{"line":85,"column":4},"end":{"line":132,"column":5}},"27":{"start":{"line":86,"column":38},"end":{"line":86,"column":57}},"28":{"start":{"line":88,"column":29},"end":{"line":88,"column":31}},"29":{"start":{"line":89,"column":28},"end":{"line":89,"column":36}},"30":{"start":{"line":90,"column":36},"end":{"line":90,"column":40}},"31":{"start":{"line":92,"column":8},"end":{"line":109,"column":9}},"32":{"start":{"line":93,"column":35},"end":{"line":93,"column":76}},"33":{"start":{"line":95,"column":12},"end":{"line":98,"column":13}},"34":{"start":{"line":96,"column":16},"end":{"line":96,"column":46}},"35":{"start":{"line":97,"column":16},"end":{"line":97,"column":22}},"36":{"start":{"line":100,"column":30},"end":{"line":100,"column":69}},"37":{"start":{"line":101,"column":27},"end":{"line":101,"column":56}},"38":{"start":{"line":102,"column":26},"end":{"line":102,"column":54}},"39":{"start":{"line":103,"column":26},"end":{"line":103,"column":47}},"40":{"start":{"line":105,"column":30},"end":{"line":105,"column":62}},"41":{"start":{"line":106,"column":12},"end":{"line":106,"column":54}},"42":{"start":{"line":108,"column":12},"end":{"line":108,"column":34}},"43":{"start":{"line":110,"column":8},"end":{"line":110,"column":40}},"44":{"start":{"line":112,"column":32},"end":{"line":112,"column":76}},"45":{"start":{"line":114,"column":8},"end":{"line":131,"column":9}},"46":{"start":{"line":115,"column":12},"end":{"line":130,"column":15}},"47":{"start":{"line":116,"column":16},"end":{"line":116,"column":49}},"48":{"start":{"line":127,"column":16},"end":{"line":127,"column":44}},"49":{"start":{"line":129,"column":16},"end":{"line":129,"column":53}},"50":{"start":{"line":136,"column":4},"end":{"line":138,"column":42}},"51":{"start":{"line":142,"column":16},"end":{"line":142,"column":45}},"52":{"start":{"line":143,"column":4},"end":{"line":143,"column":37}},"53":{"start":{"line":145,"column":4},"end":{"line":145,"column":50}},"54":{"start":{"line":163,"column":23},"end":{"line":163,"column":60}},"55":{"start":{"line":164,"column":4},"end":{"line":164,"column":35}},"56":{"start":{"line":170,"column":33},"end":{"line":170,"column":38}},"57":{"start":{"line":172,"column":8},"end":{"line":185,"column":9}},"58":{"start":{"line":172,"column":21},"end":{"line":172,"column":22}},"59":{"start":{"line":173,"column":29},"end":{"line":173,"column":50}},"60":{"start":{"line":174,"column":29},"end":{"line":174,"column":50}},"61":{"start":{"line":175,"column":12},"end":{"line":184,"column":13}},"62":{"start":{"line":180,"column":16},"end":{"line":183,"column":17}},"63":{"start":{"line":181,"column":20},"end":{"line":181,"column":46}},"64":{"start":{"line":182,"column":20},"end":{"line":182,"column":26}},"65":{"start":{"line":187,"column":8},"end":{"line":200,"column":9}},"66":{"start":{"line":188,"column":12},"end":{"line":188,"column":70}},"67":{"start":{"line":190,"column":52},"end":{"line":190,"column":54}},"68":{"start":{"line":191,"column":12},"end":{"line":197,"column":13}},"69":{"start":{"line":191,"column":25},"end":{"line":191,"column":26}},"70":{"start":{"line":192,"column":32},"end":{"line":195,"column":17}},"71":{"start":{"line":196,"column":16},"end":{"line":196,"column":66}},"72":{"start":{"line":199,"column":12},"end":{"line":199,"column":35}},"73":{"start":{"line":203,"column":4},"end":{"line":203,"column":48}},"74":{"start":{"line":206,"column":24},"end":{"line":226,"column":1}},"75":{"start":{"line":207,"column":26},"end":{"line":207,"column":28}},"76":{"start":{"line":209,"column":8},"end":{"line":209,"column":71}},"77":{"start":{"line":211,"column":19},"end":{"line":217,"column":5}},"78":{"start":{"line":218,"column":18},"end":{"line":218,"column":51}},"79":{"start":{"line":220,"column":4},"end":{"line":223,"column":5}},"80":{"start":{"line":221,"column":8},"end":{"line":221,"column":60}},"81":{"start":{"line":222,"column":8},"end":{"line":222,"column":52}},"82":{"start":{"line":225,"column":4},"end":{"line":225,"column":16}},"83":{"start":{"line":229,"column":4},"end":{"line":229,"column":46}},"84":{"start":{"line":230,"column":4},"end":{"line":230,"column":47}},"85":{"start":{"line":234,"column":4},"end":{"line":234,"column":42}},"86":{"start":{"line":235,"column":4},"end":{"line":235,"column":43}},"87":{"start":{"line":243,"column":4},"end":{"line":247,"column":7}},"88":{"start":{"line":244,"column":24},"end":{"line":244,"column":67}},"89":{"start":{"line":245,"column":8},"end":{"line":245,"column":53}},"90":{"start":{"line":246,"column":8},"end":{"line":246,"column":73}},"91":{"start":{"line":254,"column":4},"end":{"line":259,"column":7}},"92":{"start":{"line":255,"column":24},"end":{"line":255,"column":78}},"93":{"start":{"line":256,"column":8},"end":{"line":258,"column":9}},"94":{"start":{"line":257,"column":12},"end":{"line":257,"column":60}},"95":{"start":{"line":262,"column":25},"end":{"line":284,"column":1}},"96":{"start":{"line":267,"column":20},"end":{"line":267,"column":64}},"97":{"start":{"line":268,"column":4},"end":{"line":270,"column":5}},"98":{"start":{"line":269,"column":8},"end":{"line":269,"column":58}},"99":{"start":{"line":272,"column":29},"end":{"line":272,"column":66}},"100":{"start":{"line":274,"column":4},"end":{"line":283,"column":6}},"101":{"start":{"line":275,"column":8},"end":{"line":282,"column":9}},"102":{"start":{"line":276,"column":12},"end":{"line":276,"column":36}},"103":{"start":{"line":277,"column":12},"end":{"line":277,"column":31}},"104":{"start":{"line":279,"column":12},"end":{"line":281,"column":14}},"105":{"start":{"line":286,"column":20},"end":{"line":337,"column":1}},"106":{"start":{"line":287,"column":25},"end":{"line":287,"column":27}},"107":{"start":{"line":288,"column":24},"end":{"line":288,"column":26}},"108":{"start":{"line":290,"column":23},"end":{"line":301,"column":5}},"109":{"start":{"line":293,"column":12},"end":{"line":295,"column":13}},"110":{"start":{"line":294,"column":16},"end":{"line":294,"column":62}},"111":{"start":{"line":296,"column":12},"end":{"line":298,"column":13}},"112":{"start":{"line":297,"column":16},"end":{"line":297,"column":57}},"113":{"start":{"line":299,"column":12},"end":{"line":299,"column":32}},"114":{"start":{"line":304,"column":8},"end":{"line":307,"column":14}},"115":{"start":{"line":305,"column":12},"end":{"line":305,"column":32}},"116":{"start":{"line":306,"column":12},"end":{"line":306,"column":32}},"117":{"start":{"line":310,"column":19},"end":{"line":314,"column":5}},"118":{"start":{"line":311,"column":8},"end":{"line":311,"column":42}},"119":{"start":{"line":312,"column":8},"end":{"line":312,"column":54}},"120":{"start":{"line":313,"column":8},"end":{"line":313,"column":28}},"121":{"start":{"line":316,"column":26},"end":{"line":316,"column":76}},"122":{"start":{"line":317,"column":4},"end":{"line":319,"column":5}},"123":{"start":{"line":318,"column":8},"end":{"line":318,"column":72}},"124":{"start":{"line":320,"column":4},"end":{"line":320,"column":58}},"125":{"start":{"line":321,"column":4},"end":{"line":321,"column":64}},"126":{"start":{"line":323,"column":4},"end":{"line":336,"column":6}},"127":{"start":{"line":325,"column":12},"end":{"line":325,"column":32}},"128":{"start":{"line":327,"column":12},"end":{"line":334,"column":14}},"129":{"start":{"line":329,"column":20},"end":{"line":329,"column":46}},"130":{"start":{"line":332,"column":20},"end":{"line":332,"column":44}},"131":{"start":{"line":339,"column":28},"end":{"line":339,"column":42}}},"fnMap":{"0":{"name":"(anonymous_0)","decl":{"start":{"line":31,"column":30},"end":{"line":31,"column":31}},"loc":{"start":{"line":31,"column":68},"end":{"line":37,"column":1}},"line":31},"1":{"name":"(anonymous_1)","decl":{"start":{"line":33,"column":13},"end":{"line":33,"column":14}},"loc":{"start":{"line":33,"column":27},"end":{"line":33,"column":70}},"line":33},"2":{"name":"evaluateExpression","decl":{"start":{"line":39,"column":16},"end":{"line":39,"column":34}},"loc":{"start":{"line":39,"column":77},"end":{"line":56,"column":1}},"line":39},"3":{"name":"findNextTemplateExpression","decl":{"start":{"line":58,"column":16},"end":{"line":58,"column":42}},"loc":{"start":{"line":61,"column":2},"end":{"line":80,"column":1}},"line":61},"4":{"name":"(anonymous_4)","decl":{"start":{"line":82,"column":22},"end":{"line":82,"column":23}},"loc":{"start":{"line":82,"column":55},"end":{"line":133,"column":1}},"line":82},"5":{"name":"(anonymous_5)","decl":{"start":{"line":115,"column":32},"end":{"line":115,"column":33}},"loc":{"start":{"line":115,"column":58},"end":{"line":130,"column":13}},"line":115},"6":{"name":"escapeHtml","decl":{"start":{"line":135,"column":9},"end":{"line":135,"column":19}},"loc":{"start":{"line":135,"column":34},"end":{"line":139,"column":1}},"line":135},"7":{"name":"htmlToText","decl":{"start":{"line":141,"column":9},"end":{"line":141,"column":19}},"loc":{"start":{"line":141,"column":34},"end":{"line":146,"column":1}},"line":141},"8":{"name":"findChangedElements","decl":{"start":{"line":162,"column":9},"end":{"line":162,"column":28}},"loc":{"start":{"line":162,"column":71},"end":{"line":204,"column":1}},"line":162},"9":{"name":"compareNodes","decl":{"start":{"line":166,"column":13},"end":{"line":166,"column":25}},"loc":{"start":{"line":169,"column":24},"end":{"line":201,"column":5}},"line":169},"10":{"name":"(anonymous_10)","decl":{"start":{"line":206,"column":24},"end":{"line":206,"column":25}},"loc":{"start":{"line":206,"column":56},"end":{"line":226,"column":1}},"line":206},"11":{"name":"addAllEventListeners","decl":{"start":{"line":228,"column":9},"end":{"line":228,"column":29}},"loc":{"start":{"line":228,"column":65},"end":{"line":231,"column":1}},"line":228},"12":{"name":"removeAllEventListeners","decl":{"start":{"line":233,"column":9},"end":{"line":233,"column":32}},"loc":{"start":{"line":233,"column":55},"end":{"line":236,"column":1}},"line":233},"13":{"name":"addEventListeners","decl":{"start":{"line":238,"column":16},"end":{"line":238,"column":33}},"loc":{"start":{"line":242,"column":2},"end":{"line":248,"column":1}},"line":242},"14":{"name":"(anonymous_14)","decl":{"start":{"line":243,"column":62},"end":{"line":243,"column":63}},"loc":{"start":{"line":243,"column":75},"end":{"line":247,"column":5}},"line":243},"15":{"name":"removeEventListeners","decl":{"start":{"line":250,"column":16},"end":{"line":250,"column":36}},"loc":{"start":{"line":253,"column":2},"end":{"line":260,"column":1}},"line":253},"16":{"name":"(anonymous_16)","decl":{"start":{"line":254,"column":63},"end":{"line":254,"column":64}},"loc":{"start":{"line":254,"column":76},"end":{"line":259,"column":5}},"line":254},"17":{"name":"(anonymous_17)","decl":{"start":{"line":262,"column":25},"end":{"line":262,"column":26}},"loc":{"start":{"line":266,"column":5},"end":{"line":284,"column":1}},"line":266},"18":{"name":"(anonymous_18)","decl":{"start":{"line":274,"column":11},"end":{"line":274,"column":12}},"loc":{"start":{"line":274,"column":31},"end":{"line":283,"column":5}},"line":274},"19":{"name":"(anonymous_19)","decl":{"start":{"line":286,"column":20},"end":{"line":286,"column":21}},"loc":{"start":{"line":286,"column":49},"end":{"line":337,"column":1}},"line":286},"20":{"name":"(anonymous_20)","decl":{"start":{"line":292,"column":8},"end":{"line":292,"column":9}},"loc":{"start":{"line":292,"column":20},"end":{"line":300,"column":9}},"line":292},"21":{"name":"updateState","decl":{"start":{"line":303,"column":13},"end":{"line":303,"column":24}},"loc":{"start":{"line":303,"column":52},"end":{"line":308,"column":5}},"line":303},"22":{"name":"(anonymous_22)","decl":{"start":{"line":304,"column":19},"end":{"line":304,"column":20}},"loc":{"start":{"line":304,"column":25},"end":{"line":307,"column":9}},"line":304},"23":{"name":"(anonymous_23)","decl":{"start":{"line":310,"column":19},"end":{"line":310,"column":20}},"loc":{"start":{"line":310,"column":25},"end":{"line":314,"column":5}},"line":310},"24":{"name":"(anonymous_24)","decl":{"start":{"line":324,"column":18},"end":{"line":324,"column":19}},"loc":{"start":{"line":324,"column":49},"end":{"line":335,"column":9}},"line":324},"25":{"name":"(anonymous_25)","decl":{"start":{"line":328,"column":21},"end":{"line":328,"column":22}},"loc":{"start":{"line":328,"column":36},"end":{"line":330,"column":17}},"line":328},"26":{"name":"(anonymous_26)","decl":{"start":{"line":331,"column":16},"end":{"line":331,"column":17}},"loc":{"start":{"line":331,"column":28},"end":{"line":333,"column":17}},"line":331}},"branchMap":{"0":{"loc":{"start":{"line":44,"column":8},"end":{"line":46,"column":9}},"type":"if","locations":[{"start":{"line":44,"column":8},"end":{"line":46,"column":9}},{"start":{},"end":{}}],"line":44},"1":{"loc":{"start":{"line":66,"column":8},"end":{"line":72,"column":9}},"type":"if","locations":[{"start":{"line":66,"column":8},"end":{"line":72,"column":9}},{"start":{"line":69,"column":15},"end":{"line":72,"column":9}}],"line":66},"2":{"loc":{"start":{"line":69,"column":15},"end":{"line":72,"column":9}},"type":"if","locations":[{"start":{"line":69,"column":15},"end":{"line":72,"column":9}},{"start":{},"end":{}}],"line":69},"3":{"loc":{"start":{"line":74,"column":8},"end":{"line":76,"column":9}},"type":"if","locations":[{"start":{"line":74,"column":8},"end":{"line":76,"column":9}},{"start":{},"end":{}}],"line":74},"4":{"loc":{"start":{"line":95,"column":12},"end":{"line":98,"column":13}},"type":"if","locations":[{"start":{"line":95,"column":12},"end":{"line":98,"column":13}},{"start":{},"end":{}}],"line":95},"5":{"loc":{"start":{"line":114,"column":8},"end":{"line":131,"column":9}},"type":"if","locations":[{"start":{"line":114,"column":8},"end":{"line":131,"column":9}},{"start":{},"end":{}}],"line":114},"6":{"loc":{"start":{"line":145,"column":11},"end":{"line":145,"column":49}},"type":"binary-expr","locations":[{"start":{"line":145,"column":11},"end":{"line":145,"column":26}},{"start":{"line":145,"column":30},"end":{"line":145,"column":43}},{"start":{"line":145,"column":47},"end":{"line":145,"column":49}}],"line":145},"7":{"loc":{"start":{"line":175,"column":12},"end":{"line":184,"column":13}},"type":"if","locations":[{"start":{"line":175,"column":12},"end":{"line":184,"column":13}},{"start":{},"end":{}}],"line":175},"8":{"loc":{"start":{"line":176,"column":16},"end":{"line":178,"column":52}},"type":"binary-expr","locations":[{"start":{"line":176,"column":16},"end":{"line":176,"column":52}},{"start":{"line":177,"column":16},"end":{"line":177,"column":24}},{"start":{"line":178,"column":16},"end":{"line":178,"column":52}}],"line":176},"9":{"loc":{"start":{"line":180,"column":16},"end":{"line":183,"column":17}},"type":"if","locations":[{"start":{"line":180,"column":16},"end":{"line":183,"column":17}},{"start":{},"end":{}}],"line":180},"10":{"loc":{"start":{"line":187,"column":8},"end":{"line":200,"column":9}},"type":"if","locations":[{"start":{"line":187,"column":8},"end":{"line":200,"column":9}},{"start":{"line":189,"column":15},"end":{"line":200,"column":9}}],"line":187},"11":{"loc":{"start":{"line":240,"column":4},"end":{"line":240,"column":23}},"type":"default-arg","locations":[{"start":{"line":240,"column":16},"end":{"line":240,"column":23}}],"line":240},"12":{"loc":{"start":{"line":252,"column":4},"end":{"line":252,"column":23}},"type":"default-arg","locations":[{"start":{"line":252,"column":16},"end":{"line":252,"column":23}}],"line":252},"13":{"loc":{"start":{"line":256,"column":8},"end":{"line":258,"column":9}},"type":"if","locations":[{"start":{"line":256,"column":8},"end":{"line":258,"column":9}},{"start":{},"end":{}}],"line":256},"14":{"loc":{"start":{"line":263,"column":4},"end":{"line":263,"column":23}},"type":"default-arg","locations":[{"start":{"line":263,"column":16},"end":{"line":263,"column":23}}],"line":263},"15":{"loc":{"start":{"line":268,"column":4},"end":{"line":270,"column":5}},"type":"if","locations":[{"start":{"line":268,"column":4},"end":{"line":270,"column":5}},{"start":{},"end":{}}],"line":268},"16":{"loc":{"start":{"line":293,"column":12},"end":{"line":295,"column":13}},"type":"if","locations":[{"start":{"line":293,"column":12},"end":{"line":295,"column":13}},{"start":{},"end":{}}],"line":293},"17":{"loc":{"start":{"line":296,"column":12},"end":{"line":298,"column":13}},"type":"if","locations":[{"start":{"line":296,"column":12},"end":{"line":298,"column":13}},{"start":{},"end":{}}],"line":296},"18":{"loc":{"start":{"line":317,"column":4},"end":{"line":319,"column":5}},"type":"if","locations":[{"start":{"line":317,"column":4},"end":{"line":319,"column":5}},{"start":{},"end":{}}],"line":317}},"s":{"0":1,"1":9,"2":9,"3":9,"4":7,"5":7,"6":7,"7":6,"8":1,"9":6,"10":1,"11":10,"12":10,"13":10,"14":10,"15":44,"16":6,"17":6,"18":38,"19":5,"20":5,"21":44,"22":9,"23":1,"24":1,"25":5,"26":5,"27":4,"28":4,"29":4,"30":4,"31":4,"32":8,"33":8,"34":4,"35":4,"36":4,"37":4,"38":4,"39":4,"40":4,"41":4,"42":4,"43":4,"44":4,"45":4,"46":4,"47":4,"48":4,"49":4,"50":4,"51":4,"52":4,"53":4,"54":4,"55":4,"56":5,"57":5,"58":5,"59":5,"60":5,"61":5,"62":4,"63":4,"64":4,"65":5,"66":4,"67":1,"68":1,"69":1,"70":1,"71":1,"72":1,"73":4,"74":1,"75":4,"76":4,"77":4,"78":4,"79":4,"80":5,"81":5,"82":4,"83":7,"84":7,"85":4,"86":4,"87":17,"88":3,"89":2,"90":2,"91":9,"92":1,"93":1,"94":1,"95":1,"96":3,"97":3,"98":1,"99":2,"100":2,"101":2,"102":2,"103":1,"104":1,"105":1,"106":6,"107":6,"108":6,"109":7,"110":4,"111":7,"112":1,"113":6,"114":1,"115":1,"116":1,"117":6,"118":4,"119":3,"120":3,"121":6,"122":6,"123":5,"124":6,"125":6,"126":6,"127":3,"128":3,"129":1,"130":1,"131":1},"f":{"0":9,"1":9,"2":7,"3":10,"4":5,"5":4,"6":4,"7":4,"8":4,"9":5,"10":4,"11":7,"12":4,"13":17,"14":3,"15":9,"16":1,"17":3,"18":2,"19":6,"20":7,"21":1,"22":1,"23":4,"24":3,"25":1,"26":1},"b":{"0":[1,5],"1":[6,38],"2":[5,33],"3":[9,35],"4":[4,4],"5":[4,0],"6":[4,0,0],"7":[4,1],"8":[5,4,4],"9":[4,0],"10":[4,1],"11":[0],"12":[0],"13":[1,0],"14":[0],"15":[1,2],"16":[4,3],"17":[1,6],"18":[5,1]},"_coverageSchema":"1a1c01bbd47fc00a2c39e90264f33305004495a9","hash":"98307cc4fdb25c98ff3ecad056332d1d36419909"}
}
