TN:
SF:src\cog.ts
FN:11,(anonymous_0)
FN:17,reRender
FN:22,updateState
FN:23,(anonymous_3)
FN:29,defineCustomElements
FN:30,(anonymous_5)
FN:44,(anonymous_6)
FN:60,(anonymous_7)
FN:64,(anonymous_8)
FN:67,(anonymous_9)
FN:70,(anonymous_10)
FNF:11
FNH:11
FNDA:16,(anonymous_0)
FNDA:18,reRender
FNDA:7,updateState
FNDA:7,(anonymous_3)
FNDA:13,defineCustomElements
FNDA:10,(anonymous_5)
FNDA:14,(anonymous_6)
FNDA:9,(anonymous_7)
FNDA:6,(anonymous_8)
FNDA:1,(anonymous_9)
FNDA:1,(anonymous_10)
DA:11,1
DA:12,16
DA:13,16
DA:14,16
DA:15,16
DA:18,18
DA:19,18
DA:23,7
DA:24,7
DA:25,7
DA:30,13
DA:31,10
DA:33,10
DA:34,1
DA:37,9
DA:38,1
DA:40,8
DA:44,16
DA:45,14
DA:46,13
DA:47,13
DA:48,11
DA:49,11
DA:52,16
DA:53,16
DA:54,15
DA:56,16
DA:57,16
DA:59,16
DA:61,9
DA:63,9
DA:65,6
DA:68,1
DA:71,1
DA:78,1
LF:35
LH:35
BRDA:33,0,0,1
BRDA:33,0,1,9
BRDA:37,1,0,1
BRDA:37,1,1,8
BRDA:53,2,0,15
BRDA:53,2,1,1
BRF:6
BRH:6
end_of_record
TN:
SF:src\types.ts
FNF:0
FNH:0
LF:0
LH:0
BRF:0
BRH:0
end_of_record
TN:
SF:src\util\appElement.ts
FN:3,createAppElement
FN:6,(anonymous_1)
FNF:2
FNH:2
FNDA:16,createAppElement
FNDA:38,(anonymous_1)
DA:4,16
DA:7,38
DA:8,14
DA:10,38
DA:11,1
DA:13,37
LF:6
LH:6
BRDA:7,0,0,14
BRDA:7,0,1,24
BRDA:10,1,0,1
BRDA:10,1,1,37
BRF:4
BRH:4
end_of_record
TN:
SF:src\util\defineCustomElement.ts
FN:7,defineCustomElement
FN:12,CustomElement
FN:19,(anonymous_2)
FNF:3
FNH:3
FNDA:8,defineCustomElement
FNDA:10,CustomElement
FNDA:9,(anonymous_2)
DA:13,10
DA:16,8
DA:17,8
DA:19,8
DA:21,9
DA:23,9
DA:25,9
DA:27,9
DA:32,9
DA:34,9
DA:36,9
DA:41,9
DA:43,9
DA:45,9
DA:47,9
DA:48,9
DA:49,9
DA:55,9
DA:58,9
DA:61,8
LF:20
LH:20
BRDA:47,0,0,9
BRDA:47,0,1,0
BRDA:47,1,0,9
BRDA:47,1,1,9
BRF:4
BRH:3
end_of_record
TN:
SF:src\util\loadTemplates.ts
FN:3,(anonymous_0)
FNF:1
FNH:1
FNDA:14,(anonymous_0)
DA:3,2
DA:4,14
DA:5,14
DA:7,14
DA:14,14
DA:15,14
DA:17,14
DA:18,12
DA:19,12
DA:20,12
DA:23,14
DA:24,12
DA:27,14
DA:29,14
LF:14
LH:14
BRF:0
BRH:0
end_of_record
TN:
SF:src\util\loadTree.ts
FN:6,(anonymous_0)
FNF:1
FNH:1
FNDA:14,(anonymous_0)
DA:6,2
DA:7,14
DA:9,14
DA:11,14
DA:18,14
DA:20,14
DA:21,11
DA:22,6
DA:29,11
DA:32,14
LF:10
LH:10
BRDA:21,0,0,6
BRDA:21,0,1,5
BRF:2
BRH:2
end_of_record
TN:
SF:src\util\renderTemplates.ts
FN:11,(anonymous_0)
FN:27,(anonymous_1)
FN:63,(anonymous_2)
FNF:3
FNH:3
FNDA:37,(anonymous_0)
FNDA:15,(anonymous_1)
FNDA:2,(anonymous_2)
DA:11,2
DA:12,37
DA:13,37
DA:14,27
DA:15,27
DA:16,27
DA:17,27
DA:18,27
DA:21,27
DA:23,26
DA:24,15
DA:26,15
DA:33,15
DA:39,15
DA:40,15
DA:44,1
DA:49,14
DA:50,12
DA:53,1
DA:55,11
DA:56,11
DA:57,11
DA:62,2
DA:63,2
DA:64,2
LF:25
LH:25
BRDA:19,0,0,27
BRDA:19,0,1,4
BRDA:23,1,0,15
BRDA:23,1,1,11
BRDA:39,2,0,15
BRDA:39,2,1,0
BRDA:40,3,0,1
BRDA:40,3,1,14
BRDA:41,4,0,15
BRDA:41,4,1,14
BRDA:49,5,0,12
BRDA:49,5,1,2
BRDA:50,6,0,1
BRDA:50,6,1,11
BRDA:62,7,0,2
BRDA:62,7,1,0
BRF:16
BRH:14
end_of_record
TN:
SF:src\util\state.ts
FN:3,createState
FN:6,(anonymous_1)
FN:13,(anonymous_2)
FNF:3
FNH:3
FNDA:16,createState
FNDA:57,(anonymous_1)
FNDA:16,(anonymous_2)
DA:4,16
DA:7,57
DA:8,3
DA:11,57
DA:14,16
DA:15,9
DA:18,16
LF:7
LH:7
BRDA:7,0,0,3
BRDA:7,0,1,54
BRDA:14,1,0,9
BRDA:14,1,1,7
BRF:4
BRH:4
end_of_record
TN:
SF:src\util\templatesStack.ts
FN:6,(anonymous_0)
FN:9,(anonymous_1)
FN:12,(anonymous_2)
FNF:3
FNH:3
FNDA:18,(anonymous_0)
FNDA:9,(anonymous_1)
FNDA:9,(anonymous_2)
DA:4,1
DA:7,18
DA:10,9
DA:13,9
LF:4
LH:4
BRF:0
BRH:0
end_of_record
TN:
SF:src\util\eventListeners\addAllEventListeners.ts
FN:4,addAllEventListeners
FNF:1
FNH:1
FNDA:22,addAllEventListeners
DA:5,22
DA:6,22
LF:2
LH:2
BRF:0
BRH:0
end_of_record
TN:
SF:src\util\eventListeners\addEventListeners.ts
FN:4,addEventListeners
FN:9,(anonymous_1)
FNF:2
FNH:2
FNDA:47,addEventListeners
FNDA:3,(anonymous_1)
DA:9,47
DA:10,3
DA:11,2
DA:12,2
LF:4
LH:4
BRF:0
BRH:0
end_of_record
TN:
SF:src\util\eventListeners\makeEventHandler.ts
FN:4,(anonymous_0)
FN:16,(anonymous_1)
FNF:2
FNH:2
FNDA:3,(anonymous_0)
FNDA:2,(anonymous_1)
DA:4,3
DA:9,3
DA:10,3
DA:11,1
DA:14,2
DA:16,2
DA:17,2
DA:18,2
DA:19,1
DA:21,1
LF:10
LH:10
BRDA:10,0,0,1
BRDA:10,0,1,2
BRF:2
BRH:2
end_of_record
TN:
SF:src\util\eventListeners\removeAllEventListeners.ts
FN:3,removeAllEventListeners
FNF:1
FNH:1
FNDA:11,removeAllEventListeners
DA:4,11
DA:5,11
LF:2
LH:2
BRF:0
BRH:0
end_of_record
TN:
SF:src\util\eventListeners\removeEventListeners.ts
FN:3,removeEventListeners
FN:4,(anonymous_1)
FNF:2
FNH:2
FNDA:23,removeEventListeners
FNDA:1,(anonymous_1)
DA:4,23
DA:5,1
DA:6,1
DA:7,1
LF:4
LH:4
BRDA:6,0,0,1
BRDA:6,0,1,0
BRF:2
BRH:1
end_of_record
TN:
SF:src\util\helpers\attributesToState.ts
FN:5,attributesToState
FNF:1
FNH:1
FNDA:36,attributesToState
DA:6,36
DA:8,36
DA:9,30
DA:15,36
LF:4
LH:4
BRDA:9,0,0,21
BRDA:9,0,1,9
BRF:2
BRH:2
end_of_record
TN:
SF:src\util\helpers\cleanTemplatesTree.ts
FN:5,(anonymous_0)
FN:8,(anonymous_1)
FNF:2
FNH:2
FNDA:9,(anonymous_0)
FNDA:19,(anonymous_1)
DA:5,1
DA:8,9
DA:9,19
LF:3
LH:3
BRF:0
BRH:0
end_of_record
TN:
SF:src\util\helpers\compareNodes.ts
FN:5,compareNodes
FNF:1
FNH:1
FNDA:51,compareNodes
DA:14,51
DA:15,14
DA:16,1
DA:25,12
DA:27,37
DA:28,37
DA:30,37
DA:31,37
DA:33,37
DA:34,35
DA:35,35
DA:36,35
DA:41,21
DA:42,11
DA:43,11
DA:47,37
DA:49,37
DA:50,3
DA:57,37
DA:58,11
DA:64,26
DA:65,24
DA:69,22
DA:72,35
LF:24
LH:24
BRDA:14,0,0,14
BRDA:14,0,1,37
BRDA:15,1,0,1
BRDA:15,1,1,12
BRDA:20,2,0,1
BRDA:20,2,1,0
BRDA:36,3,0,21
BRDA:36,3,1,14
BRDA:37,4,0,35
BRDA:37,4,1,22
BRDA:37,4,2,21
BRDA:41,5,0,11
BRDA:41,5,1,10
BRDA:49,6,0,3
BRDA:49,6,1,34
BRDA:57,7,0,11
BRDA:57,7,1,26
BRF:17
BRH:16
end_of_record
TN:
SF:src\util\helpers\convertAttribute.ts
FN:1,(anonymous_0)
FN:5,(anonymous_1)
FNF:2
FNH:2
FNDA:30,(anonymous_0)
FNDA:60,(anonymous_1)
DA:1,2
DA:2,30
DA:6,60
LF:3
LH:3
BRDA:6,0,0,30
BRDA:6,0,1,30
BRF:2
BRH:2
end_of_record
TN:
SF:src\util\helpers\createExpressionScope.ts
FN:3,(anonymous_0)
FN:5,(anonymous_1)
FNF:2
FNH:2
FNDA:62,(anonymous_0)
FNDA:86,(anonymous_1)
DA:3,4
DA:4,62
DA:5,86
DA:8,62
LF:4
LH:4
BRF:0
BRH:0
end_of_record
TN:
SF:src\util\helpers\elementFromString.ts
FN:1,elementFromString
FNF:1
FNH:1
FNDA:54,elementFromString
DA:2,54
DA:3,54
DA:4,54
LF:3
LH:3
BRF:0
BRH:0
end_of_record
TN:
SF:src\util\helpers\evaluateExpression.ts
FN:4,evaluateExpression
FNF:1
FNH:1
FNDA:60,evaluateExpression
DA:5,60
DA:6,60
DA:7,60
DA:9,59
DA:10,1
DA:13,59
DA:15,1
LF:7
LH:7
BRDA:9,0,0,1
BRDA:9,0,1,58
BRF:2
BRH:2
end_of_record
TN:
SF:src\util\helpers\evaluateTemplate.ts
FN:7,(anonymous_0)
FNF:1
FNH:1
FNDA:36,(anonymous_0)
DA:7,2
DA:8,36
DA:9,36
DA:10,36
DA:12,36
DA:13,72
DA:15,72
DA:16,36
DA:17,36
DA:20,36
DA:21,36
DA:22,36
DA:23,36
DA:25,36
DA:26,36
DA:28,36
DA:31,36
DA:33,36
LF:18
LH:18
BRDA:15,0,0,36
BRDA:15,0,1,36
BRF:2
BRH:2
end_of_record
TN:
SF:src\util\helpers\findCorrespondingNode.ts
FN:1,findCorrespondingNode
FNF:1
FNH:1
FNDA:16,findCorrespondingNode
DA:6,16
DA:7,16
DA:8,16
DA:9,9
DA:12,9
DA:15,16
DA:16,16
DA:17,9
DA:18,8
DA:20,1
DA:24,15
LF:11
LH:11
BRDA:17,0,0,8
BRDA:17,0,1,1
BRF:2
BRH:2
end_of_record
TN:
SF:src\util\helpers\findNextTemplateExpression.ts
FN:1,findNextTemplateExpression
FNF:1
FNH:1
FNDA:74,findNextTemplateExpression
DA:5,74
DA:6,74
DA:8,74
DA:9,457
DA:10,38
DA:11,38
DA:12,419
DA:13,37
DA:14,37
DA:17,457
DA:18,73
DA:22,1
LF:12
LH:12
BRDA:9,0,0,38
BRDA:9,0,1,419
BRDA:12,1,0,37
BRDA:12,1,1,382
BRDA:17,2,0,73
BRDA:17,2,1,384
BRF:6
BRH:6
end_of_record
TN:
SF:src\util\helpers\getAttributes.ts
FN:4,(anonymous_0)
FN:5,(anonymous_1)
FNF:2
FNH:2
FNDA:9,(anonymous_0)
FNDA:9,(anonymous_1)
DA:4,1
DA:5,9
DA:6,9
DA:7,9
DA:14,9
LF:5
LH:5
BRDA:9,0,0,5
BRDA:9,0,1,4
BRF:2
BRH:2
end_of_record
TN:
SF:src\util\helpers\getChangedAttributes.ts
FN:1,getChangedAttributes
FNF:1
FNH:1
FNDA:37,getChangedAttributes
DA:5,37
DA:7,37
DA:8,7
DA:9,7
DA:10,7
DA:11,3
DA:18,37
LF:7
LH:7
BRDA:10,0,0,3
BRDA:10,0,1,4
BRDA:13,1,0,3
BRDA:13,1,1,0
BRF:4
BRH:3
end_of_record
TN:
SF:src\util\helpers\htmlToText.ts
FN:1,escapeHtml
FN:7,htmlToText
FNF:2
FNH:2
FNDA:36,escapeHtml
FNDA:36,htmlToText
DA:2,36
DA:8,36
DA:9,36
DA:11,36
LF:4
LH:4
BRDA:11,0,0,36
BRDA:11,0,1,0
BRDA:11,0,2,0
BRF:3
BRH:1
end_of_record
TN:
SF:src\util\helpers\isCustomElement.ts
FN:1,(anonymous_0)
FNF:1
FNH:1
FNDA:25,(anonymous_0)
DA:1,3
DA:2,25
LF:2
LH:2
BRF:0
BRH:0
end_of_record
TN:
SF:src\util\helpers\sanitizeHtml.ts
FN:1,(anonymous_0)
FNF:1
FNH:1
FNDA:122,(anonymous_0)
DA:1,3
DA:2,122
LF:2
LH:2
BRF:0
BRH:0
end_of_record
TN:
SF:src\util\helpers\templateExpressionRegex.ts
FNF:0
FNH:0
DA:1,1
LF:1
LH:1
BRF:0
BRH:0
end_of_record
