TN:
SF:src\cog.ts
FN:9,(anonymous_0)
FN:14,reRender
FN:23,updateState
FN:28,(anonymous_3)
FN:36,(anonymous_4)
FN:44,(anonymous_5)
FN:48,(anonymous_6)
FN:51,(anonymous_7)
FN:54,(anonymous_8)
FNF:9
FNH:9
FNDA:16,(anonymous_0)
FNDA:8,reRender
FNDA:10,updateState
FNDA:8,(anonymous_3)
FNDA:13,(anonymous_4)
FNDA:12,(anonymous_5)
FNDA:9,(anonymous_6)
FNDA:1,(anonymous_7)
FNDA:1,(anonymous_8)
DA:9,2
DA:10,16
DA:11,16
DA:12,16
DA:15,8
DA:16,8
DA:17,8
DA:20,16
DA:21,16
DA:24,10
DA:25,10
DA:26,2
DA:28,10
DA:29,8
DA:30,8
DA:31,8
DA:36,16
DA:37,13
DA:38,13
DA:39,13
DA:42,16
DA:45,12
DA:47,12
DA:49,9
DA:52,1
DA:55,1
DA:62,2
LF:27
LH:27
BRDA:25,0,0,2
BRDA:25,0,1,8
BRDA:29,1,0,8
BRDA:29,1,1,0
BRF:4
BRH:3
end_of_record
TN:
SF:src\createReactiveNodes.ts
FN:4,createReactiveNodes
FN:9,(anonymous_1)
FN:12,(anonymous_2)
FN:16,(anonymous_3)
FN:22,(anonymous_4)
FN:24,(anonymous_5)
FN:29,(anonymous_6)
FNF:7
FNH:7
FNDA:23,createReactiveNodes
FNDA:66,(anonymous_1)
FNDA:29,(anonymous_2)
FNDA:24,(anonymous_3)
FNDA:8,(anonymous_4)
FNDA:16,(anonymous_5)
FNDA:28,(anonymous_6)
DA:5,23
DA:10,66
DA:13,29
DA:14,29
DA:17,24
DA:18,2
DA:20,24
DA:23,8
DA:24,8
DA:25,16
DA:26,16
DA:30,28
LF:12
LH:12
BRDA:17,0,0,2
BRDA:17,0,1,22
BRF:2
BRH:2
end_of_record
TN:
SF:src\createState.ts
FN:3,createState
FN:7,(anonymous_1)
FN:14,(anonymous_2)
FN:22,(anonymous_3)
FNF:4
FNH:4
FNDA:17,createState
FNDA:48,(anonymous_1)
FNDA:22,(anonymous_2)
FNDA:8,(anonymous_3)
DA:4,17
DA:8,48
DA:9,2
DA:12,48
DA:15,22
DA:16,12
DA:19,22
DA:20,22
DA:23,8
LF:9
LH:9
BRDA:8,0,0,2
BRDA:8,0,1,46
BRDA:15,1,0,12
BRDA:15,1,1,10
BRF:4
BRH:4
end_of_record
TN:
SF:src\types.ts
FNF:0
FNH:0
LF:0
LH:0
BRF:0
BRH:0
end_of_record
TN:
SF:src\attributes\attributesToState.ts
FN:8,attributesToState
FNF:1
FNH:1
FNDA:34,attributesToState
DA:6,6
DA:9,34
DA:11,34
DA:12,25
DA:14,25
DA:15,29
DA:27,25
DA:30,34
LF:8
LH:8
BRDA:11,0,0,25
BRDA:11,0,1,9
BRDA:17,1,0,4
BRDA:17,1,1,25
BRF:4
BRH:4
end_of_record
TN:
SF:src\attributes\convertAttribute.ts
FN:1,(anonymous_0)
FN:5,(anonymous_1)
FNF:2
FNH:2
FNDA:30,(anonymous_0)
FNDA:46,(anonymous_1)
DA:1,7
DA:2,30
DA:6,46
LF:3
LH:3
BRDA:6,0,0,16
BRDA:6,0,1,30
BRF:2
BRH:2
end_of_record
TN:
SF:src\attributes\convertAttributeValue.ts
FN:1,convertAttributeValue
FNF:1
FNH:1
FNDA:43,convertAttributeValue
DA:2,43
LF:1
LH:1
BRDA:2,0,0,3
BRDA:2,0,1,40
BRDA:4,1,0,3
BRDA:4,1,1,37
BRDA:6,2,0,1
BRDA:6,2,1,36
BRDA:8,3,0,1
BRDA:8,3,1,35
BRDA:10,4,0,13
BRDA:10,4,1,22
BRDA:12,5,0,8
BRDA:12,5,1,14
BRF:12
BRH:12
end_of_record
TN:
SF:src\attributes\getAttributes.ts
FN:4,(anonymous_0)
FN:5,(anonymous_1)
FNF:2
FNH:2
FNDA:20,(anonymous_0)
FNDA:11,(anonymous_1)
DA:4,5
DA:5,20
DA:6,11
DA:7,11
DA:15,20
LF:5
LH:5
BRF:0
BRH:0
end_of_record
TN:
SF:src\attributes\getAttributesRecursive.ts
FN:3,getAttributesRecursive
FN:11,(anonymous_1)
FNF:2
FNH:2
FNDA:33,getAttributesRecursive
FNDA:4,(anonymous_1)
DA:8,33
DA:9,30
DA:11,4
DA:13,3
DA:19,3
LF:5
LH:5
BRDA:8,0,0,30
BRDA:8,0,1,3
BRF:2
BRH:2
end_of_record
TN:
SF:src\attributes\getChangedAttributes.ts
FN:4,getChangedAttributes
FNF:1
FNH:1
FNDA:32,getChangedAttributes
DA:8,32
DA:10,32
DA:11,19
DA:12,19
DA:13,19
DA:14,8
DA:21,32
LF:7
LH:7
BRDA:13,0,0,8
BRDA:13,0,1,11
BRDA:16,1,0,8
BRDA:16,1,1,0
BRF:4
BRH:3
end_of_record
TN:
SF:src\attributes\getLocalState.ts
FN:4,getLocalState
FN:10,(anonymous_1)
FNF:2
FNH:2
FNDA:33,getLocalState
FNDA:54,(anonymous_1)
DA:10,54
DA:12,33
DA:13,29
DA:16,4
DA:23,4
LF:5
LH:5
BRDA:12,0,0,29
BRDA:12,0,1,4
BRF:2
BRH:2
end_of_record
TN:
SF:src\attributes\handleBooleanAttribute.ts
FN:3,handleBooleanAttribute
FNF:1
FNH:1
FNDA:6,handleBooleanAttribute
DA:7,6
DA:8,6
DA:10,6
DA:12,3
DA:13,3
DA:19,3
DA:20,3
LF:7
LH:7
BRDA:7,0,0,6
BRDA:7,0,1,0
BRDA:10,1,0,3
BRDA:10,1,1,3
BRF:4
BRH:3
end_of_record
TN:
SF:src\eventListeners\addAllEventListeners.ts
FN:4,addAllEventListeners
FNF:1
FNH:1
FNDA:18,addAllEventListeners
DA:5,18
DA:6,18
LF:2
LH:2
BRF:0
BRH:0
end_of_record
TN:
SF:src\eventListeners\addEventListeners.ts
FN:4,addEventListeners
FN:9,(anonymous_1)
FNF:2
FNH:2
FNDA:40,addEventListeners
FNDA:4,(anonymous_1)
DA:9,40
DA:10,4
DA:11,3
DA:12,3
LF:4
LH:4
BRF:0
BRH:0
end_of_record
TN:
SF:src\eventListeners\makeEventHandler.ts
FN:4,(anonymous_0)
FN:16,(anonymous_1)
FNF:2
FNH:2
FNDA:4,(anonymous_0)
FNDA:4,(anonymous_1)
DA:4,4
DA:9,4
DA:10,4
DA:11,1
DA:14,3
DA:16,3
DA:17,4
DA:18,4
DA:19,3
DA:21,1
LF:10
LH:10
BRDA:10,0,0,1
BRDA:10,0,1,3
BRF:2
BRH:2
end_of_record
TN:
SF:src\eventListeners\removeAllEventListeners.ts
FN:3,removeAllEventListeners
FNF:1
FNH:1
FNDA:5,removeAllEventListeners
DA:4,5
DA:5,5
LF:2
LH:2
BRF:0
BRH:0
end_of_record
TN:
SF:src\eventListeners\removeEventListeners.ts
FN:3,removeEventListeners
FN:4,(anonymous_1)
FNF:2
FNH:2
FNDA:12,removeEventListeners
FNDA:2,(anonymous_1)
DA:4,12
DA:5,2
DA:6,2
DA:7,1
LF:4
LH:4
BRDA:6,0,0,1
BRDA:6,0,1,1
BRF:2
BRH:2
end_of_record
TN:
SF:src\expressions\createExpressionScope.ts
FN:5,(anonymous_0)
FN:9,(anonymous_1)
FNF:2
FNH:2
FNDA:43,(anonymous_0)
FNDA:45,(anonymous_1)
DA:3,12
DA:5,12
DA:6,43
DA:7,43
DA:8,27
DA:9,45
DA:12,27
DA:15,43
LF:8
LH:8
BRDA:7,0,0,27
BRDA:7,0,1,16
BRF:2
BRH:2
end_of_record
TN:
SF:src\expressions\evaluateExpression.ts
FN:3,evaluateExpression
FNF:1
FNH:1
FNDA:40,evaluateExpression
DA:7,40
DA:9,40
DA:10,10
DA:13,40
LF:4
LH:4
BRDA:9,0,0,10
BRDA:9,0,1,30
BRF:2
BRH:2
end_of_record
TN:
SF:src\expressions\sanitizeExpression.ts
FN:1,sanitizeExpression
FNF:1
FNH:1
FNDA:53,sanitizeExpression
DA:2,53
LF:1
LH:1
BRF:0
BRH:0
end_of_record
TN:
SF:src\html\evaluateTemplate.ts
FN:8,(anonymous_0)
FN:35,(anonymous_1)
FNF:2
FNH:2
FNDA:45,(anonymous_0)
FNDA:87,(anonymous_1)
DA:8,10
DA:13,45
DA:14,45
DA:16,45
DA:17,38
DA:18,38
DA:19,38
DA:20,38
DA:21,38
DA:22,38
DA:23,38
DA:26,45
DA:28,45
DA:35,10
DA:36,87
DA:37,87
DA:38,87
DA:40,87
DA:41,139
DA:43,139
DA:44,87
DA:45,87
DA:48,52
DA:49,52
DA:50,52
DA:52,52
DA:58,52
DA:61,87
LF:28
LH:28
BRDA:43,0,0,87
BRDA:43,0,1,52
BRF:2
BRH:2
end_of_record
TN:
SF:src\html\findNextTemplateExpression.ts
FN:3,findNextTemplateExpression
FNF:1
FNH:1
FNDA:141,findNextTemplateExpression
DA:7,141
DA:8,141
DA:10,141
DA:11,1400
DA:12,56
DA:13,56
DA:14,1344
DA:15,55
DA:16,55
DA:19,1400
DA:20,140
DA:24,1
LF:12
LH:12
BRDA:11,0,0,56
BRDA:11,0,1,1344
BRDA:11,1,0,1400
BRDA:11,1,1,60
BRDA:14,2,0,55
BRDA:14,2,1,1289
BRDA:14,3,0,1344
BRDA:14,3,1,59
BRDA:19,4,0,140
BRDA:19,4,1,1260
BRF:10
BRH:10
end_of_record
TN:
SF:src\html\htmlToText.ts
FN:1,escapeHtml
FN:7,htmlToText
FNF:2
FNH:2
FNDA:53,escapeHtml
FNDA:53,htmlToText
DA:2,53
DA:8,53
DA:9,53
DA:11,53
LF:4
LH:4
BRDA:11,0,0,53
BRDA:11,0,1,0
BRDA:11,0,2,0
BRF:3
BRH:1
end_of_record
TN:
SF:src\html\removeTagsAndAttributeNames.ts
FN:6,removeTagsAndAttributeNames
FNF:1
FNH:1
FNDA:30,removeTagsAndAttributeNames
DA:1,7
DA:2,7
DA:3,7
DA:4,7
DA:7,30
LF:5
LH:5
BRF:0
BRH:0
end_of_record
TN:
SF:src\html\sanitizeHtml.ts
FN:1,(anonymous_0)
FNF:1
FNH:1
FNDA:12,(anonymous_0)
DA:1,4
DA:2,12
LF:2
LH:2
BRF:0
BRH:0
end_of_record
TN:
SF:src\nodes\cleanReactiveNodesList.ts
FN:3,(anonymous_0)
FN:6,(anonymous_1)
FNF:2
FNH:2
FNDA:9,(anonymous_0)
FNDA:20,(anonymous_1)
DA:3,8
DA:6,9
DA:7,20
DA:8,20
LF:4
LH:4
BRF:0
BRH:0
end_of_record
TN:
SF:src\nodes\compareNodes.ts
FN:5,compareTextNodes
FN:20,compareChildNodes
FN:64,compareCustomElementChildren
FN:74,compareNodes
FNF:4
FNH:4
FNDA:3,compareTextNodes
FNDA:17,compareChildNodes
FNDA:7,compareCustomElementChildren
FNDA:21,compareNodes
DA:9,3
DA:10,2
DA:17,1
DA:24,17
DA:25,17
DA:26,17
DA:30,17
DA:32,17
DA:33,26
DA:34,26
DA:36,26
DA:40,9
DA:41,6
DA:43,17
DA:44,6
DA:45,11
DA:46,4
DA:48,7
DA:54,11
DA:55,2
DA:57,11
DA:58,2
DA:61,11
DA:68,7
DA:69,3
DA:71,4
DA:78,21
DA:79,1
DA:82,20
DA:84,20
DA:93,20
DA:94,5
DA:99,15
LF:33
LH:33
BRDA:9,0,0,2
BRDA:9,0,1,1
BRDA:36,1,0,9
BRDA:36,1,1,17
BRDA:37,2,0,26
BRDA:37,2,1,9
BRDA:40,3,0,6
BRDA:40,3,1,3
BRDA:43,4,0,6
BRDA:43,4,1,11
BRDA:45,5,0,4
BRDA:45,5,1,7
BRDA:54,6,0,2
BRDA:54,6,1,9
BRDA:57,7,0,2
BRDA:57,7,1,9
BRDA:68,8,0,3
BRDA:68,8,1,4
BRDA:78,9,0,1
BRDA:78,9,1,20
BRDA:84,10,0,3
BRDA:84,10,1,17
BRDA:93,11,0,5
BRDA:93,11,1,15
BRF:24
BRH:24
end_of_record
TN:
SF:src\nodes\elementFromString.ts
FN:3,elementFromString
FNF:1
FNH:1
FNDA:69,elementFromString
DA:4,69
DA:5,69
DA:6,69
LF:3
LH:3
BRF:0
BRH:0
end_of_record
TN:
SF:src\nodes\findCorrespondingNode.ts
FN:1,findCorrespondingNode
FNF:1
FNH:1
FNDA:15,findCorrespondingNode
DA:6,15
DA:7,15
DA:9,15
DA:10,6
DA:13,6
DA:16,15
DA:17,15
DA:18,6
DA:19,6
DA:20,5
DA:22,1
DA:26,14
LF:12
LH:12
BRDA:19,0,0,5
BRDA:19,0,1,1
BRF:2
BRH:2
end_of_record
TN:
SF:src\nodes\findNodes.ts
FN:1,findNodes
FN:4,(anonymous_1)
FNF:2
FNH:2
FNDA:32,findNodes
FNDA:11,(anonymous_1)
DA:4,11
DA:6,32
DA:8,32
DA:15,32
DA:17,32
DA:18,26
DA:19,24
DA:22,26
DA:25,32
LF:9
LH:9
BRDA:4,0,0,15
BRDA:18,1,0,24
BRDA:18,1,1,2
BRF:3
BRH:3
end_of_record
TN:
SF:src\nodes\isCustomElement.ts
FN:1,(anonymous_0)
FNF:1
FNH:1
FNDA:46,(anonymous_0)
DA:1,6
DA:2,46
LF:2
LH:2
BRDA:3,0,0,46
BRDA:3,0,1,45
BRF:2
BRH:2
end_of_record
TN:
SF:src\nodes\reconcile.ts
FN:22,mergeAttributes
FN:32,handleCustomElement
FN:66,handleContentChange
FN:80,handleAttributeChange
FN:93,handleChildrenAddition
FN:104,handleChildrenRemoval
FN:113,(anonymous_6)
FN:145,(anonymous_7)
FN:148,checkIfChangedStateIsUsedInExpression
FN:154,(anonymous_9)
FN:157,handleNodeChanges
FN:191,handleChildrenChanges
FN:219,nodeNeedsUpdate
FN:230,(anonymous_13)
FNF:14
FNH:14
FNDA:2,mergeAttributes
FNDA:2,handleCustomElement
FNDA:6,handleContentChange
FNDA:1,handleAttributeChange
FNDA:1,handleChildrenAddition
FNDA:1,handleChildrenRemoval
FNDA:11,(anonymous_6)
FNDA:32,(anonymous_7)
FNDA:17,checkIfChangedStateIsUsedInExpression
FNDA:25,(anonymous_9)
FNDA:11,handleNodeChanges
FNDA:11,handleChildrenChanges
FNDA:19,nodeNeedsUpdate
FNDA:9,(anonymous_13)
DA:23,2
DA:24,2
DA:25,2
DA:26,5
DA:29,2
DA:39,2
DA:41,2
DA:42,2
DA:43,1
DA:45,2
DA:46,1
DA:54,2
DA:55,2
DA:56,2
DA:57,2
DA:62,2
DA:71,6
DA:72,1
DA:74,5
DA:75,5
DA:76,5
DA:84,1
DA:85,1
DA:86,1
DA:97,1
DA:98,1
DA:99,4
DA:101,1
DA:108,1
DA:109,2
DA:113,2
DA:123,11
DA:124,2
DA:131,2
DA:134,9
DA:135,6
DA:136,3
DA:137,1
DA:138,2
DA:139,1
DA:140,1
DA:141,1
DA:145,2
DA:146,32
DA:152,17
DA:154,25
DA:165,11
DA:166,11
DA:172,11
DA:178,11
DA:196,11
DA:197,11
DA:199,11
DA:200,1
DA:203,11
DA:204,1
DA:205,2
DA:210,2
DA:211,2
DA:216,11
DA:220,19
DA:221,2
DA:224,17
DA:230,2
DA:235,9
DA:236,9
DA:247,19
DA:249,19
DA:254,19
DA:255,11
DA:257,11
DA:263,11
DA:269,11
DA:270,11
DA:271,11
DA:273,11
DA:274,11
DA:280,11
LF:78
LH:78
BRDA:39,0,0,2
BRDA:39,0,1,1
BRDA:42,1,0,1
BRDA:42,1,1,1
BRDA:45,2,0,1
BRDA:45,2,1,1
BRDA:54,3,0,2
BRDA:54,3,1,0
BRDA:71,4,0,1
BRDA:71,4,1,5
BRDA:123,5,0,2
BRDA:123,5,1,9
BRDA:134,6,0,6
BRDA:134,6,1,3
BRDA:136,7,0,1
BRDA:136,7,1,2
BRDA:138,8,0,1
BRDA:138,8,1,1
BRDA:140,9,0,1
BRDA:140,9,1,0
BRDA:199,10,0,1
BRDA:199,10,1,10
BRDA:203,11,0,1
BRDA:203,11,1,10
BRDA:210,12,0,2
BRDA:210,12,1,0
BRDA:220,13,0,2
BRDA:220,13,1,17
BRDA:254,14,0,11
BRDA:254,14,1,8
BRDA:273,15,0,11
BRDA:273,15,1,0
BRF:32
BRH:28
end_of_record
TN:
SF:src\nodes\registerNativeElements.ts
FN:8,(anonymous_0)
FN:16,(anonymous_1)
FNF:2
FNH:2
FNDA:16,(anonymous_0)
FNDA:13,(anonymous_1)
DA:8,4
DA:13,16
DA:16,13
DA:19,16
DA:20,11
DA:21,11
DA:22,11
DA:23,11
DA:25,11
DA:33,11
DA:34,11
DA:35,3
LF:12
LH:12
BRF:0
BRH:0
end_of_record
TN:
SF:src\nodes\registerReactiveNode.ts
FN:10,registerReactiveNode
FN:38,(anonymous_1)
FN:40,(anonymous_2)
FNF:3
FNH:3
FNDA:29,registerReactiveNode
FNDA:27,(anonymous_1)
FNDA:25,(anonymous_2)
DA:19,29
DA:20,29
DA:21,29
DA:27,29
DA:29,29
DA:36,29
DA:38,27
DA:39,29
DA:40,25
DA:42,29
DA:44,29
DA:56,29
DA:58,29
LF:13
LH:13
BRDA:16,0,0,11
BRDA:17,1,0,11
BRF:2
BRH:2
end_of_record
TN:
SF:src\nodes\registerTemplates.ts
FN:10,registerTemplates
FN:37,defineCustomElement
FN:43,CustomElement
FN:59,addParentId
FN:65,addParentIdToChildren
FN:85,getCustomElementAttributes
FN:98,registerCustomElement
FN:103,(anonymous_7)
FNF:8
FNH:8
FNDA:15,registerTemplates
FNDA:10,defineCustomElement
FNDA:17,CustomElement
FNDA:15,addParentId
FNDA:17,addParentIdToChildren
FNDA:17,getCustomElementAttributes
FNDA:10,registerCustomElement
FNDA:17,(anonymous_7)
DA:15,15
DA:16,15
DA:18,15
DA:19,11
DA:21,11
DA:22,11
DA:24,11
DA:25,1
DA:28,10
DA:30,10
DA:34,14
DA:44,17
DA:47,10
DA:48,10
DA:50,10
DA:56,10
DA:60,15
DA:61,1
DA:66,17
DA:68,17
DA:69,14
DA:70,14
DA:71,14
DA:72,1
DA:73,1
DA:77,17
DA:78,17
DA:79,3
DA:82,17
DA:86,17
DA:87,17
DA:88,17
DA:95,17
DA:103,10
DA:104,17
DA:106,17
DA:108,17
DA:113,17
DA:117,17
DA:124,17
DA:134,17
LF:41
LH:41
BRDA:21,0,0,11
BRDA:21,0,1,0
BRDA:24,1,0,1
BRDA:24,1,1,10
BRDA:60,2,0,1
BRDA:60,2,1,14
BRDA:68,3,0,14
BRDA:68,3,1,3
BRDA:78,4,0,3
BRDA:78,4,1,14
BRDA:113,5,0,1
BRDA:113,5,1,16
BRF:12
BRH:11
end_of_record
